{"/home/runner/work/csi-sfit/csi-sfit/src/App.tsx": {"path":"/home/runner/work/csi-sfit/csi-sfit/src/App.tsx","statementMap":{"0":{"start":{"line":2,"column":0},"end":{"line":2,"column":74}},"1":{"start":{"line":3,"column":0},"end":{"line":3,"column":48}},"2":{"start":{"line":4,"column":0},"end":{"line":4,"column":53}},"3":{"start":{"line":5,"column":0},"end":{"line":5,"column":69}},"4":{"start":{"line":6,"column":0},"end":{"line":6,"column":65}},"5":{"start":{"line":7,"column":0},"end":{"line":7,"column":36}},"6":{"start":{"line":8,"column":0},"end":{"line":8,"column":38}},"7":{"start":{"line":9,"column":0},"end":{"line":9,"column":40}},"8":{"start":{"line":10,"column":0},"end":{"line":10,"column":36}},"9":{"start":{"line":11,"column":0},"end":{"line":11,"column":42}},"10":{"start":{"line":12,"column":0},"end":{"line":12,"column":42}},"11":{"start":{"line":13,"column":0},"end":{"line":13,"column":44}},"12":{"start":{"line":14,"column":0},"end":{"line":14,"column":48}},"13":{"start":{"line":17,"column":2},"end":{"line":37,"column":4}},"14":{"start":{"line":40,"column":0},"end":{"line":40,"column":19}}},"fnMap":{"0":{"name":"App","decl":{"start":{"line":16,"column":9},"end":{"line":16,"column":12}},"loc":{"start":{"line":16,"column":12},"end":{"line":38,"column":1}}}},"branchMap":{},"s":{"0":0,"1":0,"2":0,"3":0,"4":0,"5":0,"6":0,"7":0,"8":0,"9":0,"10":0,"11":0,"12":0,"13":0,"14":0},"f":{"0":0},"b":{}}
,"/home/runner/work/csi-sfit/csi-sfit/src/components/AnimatedText.tsx": {"path":"/home/runner/work/csi-sfit/csi-sfit/src/components/AnimatedText.tsx","statementMap":{"0":{"start":{"line":2,"column":0},"end":{"line":2,"column":39}},"1":{"start":{"line":11,"column":57},"end":{"line":66,"column":1}},"2":{"start":{"line":17,"column":16},"end":{"line":17,"column":31}},"3":{"start":{"line":19,"column":20},"end":{"line":25,"column":4}},"4":{"start":{"line":21,"column":25},"end":{"line":24,"column":6}},"5":{"start":{"line":27,"column":16},"end":{"line":46,"column":4}},"6":{"start":{"line":48,"column":2},"end":{"line":65,"column":4}},"7":{"start":{"line":56,"column":8},"end":{"line":58,"column":null}},"8":{"start":{"line":11,"column":13},"end":{"line":11,"column":57}}},"fnMap":{"0":{"name":"(anonymous_0)","decl":{"start":{"line":11,"column":57},"end":{"line":11,"column":58}},"loc":{"start":{"line":16,"column":5},"end":{"line":66,"column":1}}},"1":{"name":"(anonymous_1)","decl":{"start":{"line":21,"column":13},"end":{"line":21,"column":14}},"loc":{"start":{"line":21,"column":25},"end":{"line":24,"column":6}}},"2":{"name":"(anonymous_2)","decl":{"start":{"line":55,"column":17},"end":{"line":55,"column":18}},"loc":{"start":{"line":56,"column":8},"end":{"line":58,"column":null}}}},"branchMap":{"0":{"loc":{"start":{"line":13,"column":2},"end":{"line":13,"column":16}},"type":"default-arg","locations":[{"start":{"line":13,"column":14},"end":{"line":13,"column":16}}]},"1":{"loc":{"start":{"line":14,"column":2},"end":{"line":14,"column":11}},"type":"default-arg","locations":[{"start":{"line":14,"column":10},"end":{"line":14,"column":11}}]},"2":{"loc":{"start":{"line":15,"column":2},"end":{"line":15,"column":17}},"type":"default-arg","locations":[{"start":{"line":15,"column":13},"end":{"line":15,"column":17}}]},"3":{"loc":{"start":{"line":21,"column":14},"end":{"line":21,"column":19}},"type":"default-arg","locations":[{"start":{"line":21,"column":18},"end":{"line":21,"column":19}}]}},"s":{"0":0,"1":0,"2":0,"3":0,"4":0,"5":0,"6":0,"7":0,"8":0},"f":{"0":0,"1":0,"2":0},"b":{"0":[0],"1":[0],"2":[0],"3":[0]}}
,"/home/runner/work/csi-sfit/csi-sfit/src/components/Enhanced3DCard.tsx": {"path":"/home/runner/work/csi-sfit/csi-sfit/src/components/Enhanced3DCard.tsx","statementMap":{"0":{"start":{"line":1,"column":0},"end":{"line":1,"column":48}},"1":{"start":{"line":2,"column":0},"end":{"line":2,"column":80}},"2":{"start":{"line":11,"column":61},"end":{"line":102,"column":1}},"3":{"start":{"line":17,"column":14},"end":{"line":17,"column":42}},"4":{"start":{"line":18,"column":36},"end":{"line":18,"column":51}},"5":{"start":{"line":20,"column":12},"end":{"line":20,"column":29}},"6":{"start":{"line":21,"column":12},"end":{"line":21,"column":29}},"7":{"start":{"line":23,"column":23},"end":{"line":23,"column":35}},"8":{"start":{"line":24,"column":23},"end":{"line":24,"column":35}},"9":{"start":{"line":26,"column":18},"end":{"line":26,"column":82}},"10":{"start":{"line":27,"column":18},"end":{"line":27,"column":82}},"11":{"start":{"line":29,"column":26},"end":{"line":44,"column":3}},"12":{"start":{"line":30,"column":4},"end":{"line":30,"column":29}},"13":{"start":{"line":30,"column":22},"end":{"line":30,"column":29}},"14":{"start":{"line":32,"column":17},"end":{"line":32,"column":52}},"15":{"start":{"line":33,"column":18},"end":{"line":33,"column":28}},"16":{"start":{"line":34,"column":19},"end":{"line":34,"column":30}},"17":{"start":{"line":36,"column":19},"end":{"line":36,"column":44}},"18":{"start":{"line":37,"column":19},"end":{"line":37,"column":43}},"19":{"start":{"line":39,"column":17},"end":{"line":39,"column":37}},"20":{"start":{"line":40,"column":17},"end":{"line":40,"column":38}},"21":{"start":{"line":42,"column":4},"end":{"line":42,"column":16}},"22":{"start":{"line":43,"column":4},"end":{"line":43,"column":16}},"23":{"start":{"line":46,"column":27},"end":{"line":50,"column":3}},"24":{"start":{"line":47,"column":4},"end":{"line":47,"column":13}},"25":{"start":{"line":48,"column":4},"end":{"line":48,"column":13}},"26":{"start":{"line":49,"column":4},"end":{"line":49,"column":24}},"27":{"start":{"line":52,"column":27},"end":{"line":54,"column":3}},"28":{"start":{"line":53,"column":4},"end":{"line":53,"column":23}},"29":{"start":{"line":56,"column":2},"end":{"line":101,"column":4}},"30":{"start":{"line":11,"column":13},"end":{"line":11,"column":61}}},"fnMap":{"0":{"name":"(anonymous_0)","decl":{"start":{"line":11,"column":61},"end":{"line":11,"column":62}},"loc":{"start":{"line":16,"column":5},"end":{"line":102,"column":1}}},"1":{"name":"(anonymous_1)","decl":{"start":{"line":29,"column":26},"end":{"line":29,"column":27}},"loc":{"start":{"line":29,"column":70},"end":{"line":44,"column":3}}},"2":{"name":"(anonymous_2)","decl":{"start":{"line":46,"column":27},"end":{"line":46,"column":30}},"loc":{"start":{"line":46,"column":32},"end":{"line":50,"column":3}}},"3":{"name":"(anonymous_3)","decl":{"start":{"line":52,"column":27},"end":{"line":52,"column":30}},"loc":{"start":{"line":52,"column":32},"end":{"line":54,"column":3}}}},"branchMap":{"0":{"loc":{"start":{"line":13,"column":2},"end":{"line":13,"column":16}},"type":"default-arg","locations":[{"start":{"line":13,"column":14},"end":{"line":13,"column":16}}]},"1":{"loc":{"start":{"line":14,"column":2},"end":{"line":14,"column":16}},"type":"default-arg","locations":[{"start":{"line":14,"column":14},"end":{"line":14,"column":16}}]},"2":{"loc":{"start":{"line":15,"column":2},"end":{"line":15,"column":23}},"type":"default-arg","locations":[{"start":{"line":15,"column":14},"end":{"line":15,"column":23}}]},"3":{"loc":{"start":{"line":30,"column":4},"end":{"line":30,"column":29}},"type":"if","locations":[{"start":{"line":30,"column":4},"end":{"line":30,"column":29}},{"start":{},"end":{}}]},"4":{"loc":{"start":{"line":71,"column":21},"end":{"line":73,"column":53}},"type":"cond-expr","locations":[{"start":{"line":72,"column":14},"end":{"line":72,"column":73}},{"start":{"line":73,"column":14},"end":{"line":73,"column":53}}]},"5":{"loc":{"start":{"line":90,"column":21},"end":{"line":90,"column":40}},"type":"cond-expr","locations":[{"start":{"line":90,"column":33},"end":{"line":90,"column":36}},{"start":{"line":90,"column":39},"end":{"line":90,"column":40}}]}},"s":{"0":0,"1":0,"2":0,"3":0,"4":0,"5":0,"6":0,"7":0,"8":0,"9":0,"10":0,"11":0,"12":0,"13":0,"14":0,"15":0,"16":0,"17":0,"18":0,"19":0,"20":0,"21":0,"22":0,"23":0,"24":0,"25":0,"26":0,"27":0,"28":0,"29":0,"30":0},"f":{"0":0,"1":0,"2":0,"3":0},"b":{"0":[0],"1":[0],"2":[0],"3":[0,0],"4":[0,0],"5":[0,0]}}
,"/home/runner/work/csi-sfit/csi-sfit/src/components/FloatingElements.tsx": {"path":"/home/runner/work/csi-sfit/csi-sfit/src/components/FloatingElements.tsx","statementMap":{"0":{"start":{"line":2,"column":0},"end":{"line":2,"column":39}},"1":{"start":{"line":4,"column":42},"end":{"line":63,"column":1}},"2":{"start":{"line":5,"column":2},"end":{"line":62,"column":4}},"3":{"start":{"line":9,"column":8},"end":{"line":10,"column":null}},"4":{"start":{"line":37,"column":8},"end":{"line":38,"column":null}},"5":{"start":{"line":4,"column":13},"end":{"line":4,"column":42}}},"fnMap":{"0":{"name":"(anonymous_0)","decl":{"start":{"line":4,"column":42},"end":{"line":4,"column":45}},"loc":{"start":{"line":4,"column":47},"end":{"line":63,"column":1}}},"1":{"name":"(anonymous_1)","decl":{"start":{"line":8,"column":26},"end":{"line":8,"column":27}},"loc":{"start":{"line":9,"column":8},"end":{"line":10,"column":null}}},"2":{"name":"(anonymous_2)","decl":{"start":{"line":36,"column":25},"end":{"line":36,"column":26}},"loc":{"start":{"line":37,"column":8},"end":{"line":38,"column":null}}}},"branchMap":{},"s":{"0":0,"1":0,"2":0,"3":0,"4":0,"5":0},"f":{"0":0,"1":0,"2":0},"b":{}}
,"/home/runner/work/csi-sfit/csi-sfit/src/components/FloatingLogo.tsx": {"path":"/home/runner/work/csi-sfit/csi-sfit/src/components/FloatingLogo.tsx","statementMap":{"0":{"start":{"line":2,"column":0},"end":{"line":2,"column":39}},"1":{"start":{"line":3,"column":0},"end":{"line":3,"column":73}},"2":{"start":{"line":5,"column":38},"end":{"line":62,"column":1}},"3":{"start":{"line":6,"column":16},"end":{"line":6,"column":59}},"4":{"start":{"line":8,"column":2},"end":{"line":61,"column":4}},"5":{"start":{"line":35,"column":8},"end":{"line":36,"column":null}},"6":{"start":{"line":5,"column":13},"end":{"line":5,"column":38}}},"fnMap":{"0":{"name":"(anonymous_0)","decl":{"start":{"line":5,"column":38},"end":{"line":5,"column":41}},"loc":{"start":{"line":5,"column":43},"end":{"line":62,"column":1}}},"1":{"name":"(anonymous_1)","decl":{"start":{"line":34,"column":17},"end":{"line":34,"column":18}},"loc":{"start":{"line":35,"column":8},"end":{"line":36,"column":null}}}},"branchMap":{},"s":{"0":0,"1":0,"2":0,"3":0,"4":0,"5":0,"6":0},"f":{"0":0,"1":0},"b":{}}
,"/home/runner/work/csi-sfit/csi-sfit/src/components/GlassCard.tsx": {"path":"/home/runner/work/csi-sfit/csi-sfit/src/components/GlassCard.tsx","statementMap":{"0":{"start":{"line":2,"column":0},"end":{"line":2,"column":39}},"1":{"start":{"line":11,"column":51},"end":{"line":51,"column":1}},"2":{"start":{"line":17,"column":21},"end":{"line":21,"column":4}},"3":{"start":{"line":23,"column":2},"end":{"line":50,"column":4}},"4":{"start":{"line":11,"column":13},"end":{"line":11,"column":51}}},"fnMap":{"0":{"name":"(anonymous_0)","decl":{"start":{"line":11,"column":51},"end":{"line":11,"column":52}},"loc":{"start":{"line":16,"column":5},"end":{"line":51,"column":1}}}},"branchMap":{"0":{"loc":{"start":{"line":13,"column":2},"end":{"line":13,"column":16}},"type":"default-arg","locations":[{"start":{"line":13,"column":14},"end":{"line":13,"column":16}}]},"1":{"loc":{"start":{"line":14,"column":2},"end":{"line":14,"column":16}},"type":"default-arg","locations":[{"start":{"line":14,"column":12},"end":{"line":14,"column":16}}]},"2":{"loc":{"start":{"line":15,"column":2},"end":{"line":15,"column":23}},"type":"default-arg","locations":[{"start":{"line":15,"column":14},"end":{"line":15,"column":23}}]},"3":{"loc":{"start":{"line":25,"column":18},"end":{"line":30,"column":12}},"type":"cond-expr","locations":[{"start":{"line":25,"column":28},"end":{"line":30,"column":8}},{"start":{"line":30,"column":10},"end":{"line":30,"column":12}}]}},"s":{"0":0,"1":0,"2":0,"3":0,"4":0},"f":{"0":0},"b":{"0":[0],"1":[0],"2":[0],"3":[0,0]}}
,"/home/runner/work/csi-sfit/csi-sfit/src/components/Navigation.tsx": {"path":"/home/runner/work/csi-sfit/csi-sfit/src/components/Navigation.tsx","statementMap":{"0":{"start":{"line":1,"column":0},"end":{"line":1,"column":51}},"1":{"start":{"line":2,"column":0},"end":{"line":2,"column":53}},"2":{"start":{"line":3,"column":0},"end":{"line":3,"column":56}},"3":{"start":{"line":4,"column":0},"end":{"line":4,"column":null}},"4":{"start":{"line":8,"column":36},"end":{"line":156,"column":1}},"5":{"start":{"line":9,"column":30},"end":{"line":9,"column":45}},"6":{"start":{"line":10,"column":38},"end":{"line":10,"column":53}},"7":{"start":{"line":11,"column":34},"end":{"line":11,"column":49}},"8":{"start":{"line":12,"column":19},"end":{"line":12,"column":32}},"9":{"start":{"line":15,"column":2},"end":{"line":31,"column":9}},"10":{"start":{"line":16,"column":28},"end":{"line":18,"column":5}},"11":{"start":{"line":17,"column":6},"end":{"line":17,"column":56}},"12":{"start":{"line":20,"column":25},"end":{"line":22,"column":5}},"13":{"start":{"line":21,"column":6},"end":{"line":21,"column":39}},"14":{"start":{"line":24,"column":4},"end":{"line":24,"column":58}},"15":{"start":{"line":25,"column":4},"end":{"line":25,"column":52}},"16":{"start":{"line":27,"column":4},"end":{"line":30,"column":6}},"17":{"start":{"line":28,"column":6},"end":{"line":28,"column":63}},"18":{"start":{"line":29,"column":6},"end":{"line":29,"column":57}},"19":{"start":{"line":33,"column":19},"end":{"line":42,"column":4}},"20":{"start":{"line":44,"column":2},"end":{"line":155,"column":4}},"21":{"start":{"line":77,"column":31},"end":{"line":77,"column":40}},"22":{"start":{"line":78,"column":35},"end":{"line":78,"column":66}},"23":{"start":{"line":80,"column":18},"end":{"line":103,"column":20}},"24":{"start":{"line":110,"column":31},"end":{"line":110,"column":49}},"25":{"start":{"line":129,"column":33},"end":{"line":129,"column":42}},"26":{"start":{"line":130,"column":37},"end":{"line":130,"column":68}},"27":{"start":{"line":132,"column":20},"end":{"line":146,"column":22}},"28":{"start":{"line":136,"column":39},"end":{"line":136,"column":55}},"29":{"start":{"line":8,"column":13},"end":{"line":8,"column":36}}},"fnMap":{"0":{"name":"(anonymous_0)","decl":{"start":{"line":8,"column":36},"end":{"line":8,"column":39}},"loc":{"start":{"line":8,"column":41},"end":{"line":156,"column":1}}},"1":{"name":"(anonymous_1)","decl":{"start":{"line":15,"column":12},"end":{"line":15,"column":15}},"loc":{"start":{"line":15,"column":17},"end":{"line":31,"column":3}}},"2":{"name":"(anonymous_2)","decl":{"start":{"line":16,"column":28},"end":{"line":16,"column":29}},"loc":{"start":{"line":16,"column":46},"end":{"line":18,"column":5}}},"3":{"name":"(anonymous_3)","decl":{"start":{"line":20,"column":25},"end":{"line":20,"column":28}},"loc":{"start":{"line":20,"column":30},"end":{"line":22,"column":5}}},"4":{"name":"(anonymous_4)","decl":{"start":{"line":27,"column":11},"end":{"line":27,"column":14}},"loc":{"start":{"line":27,"column":16},"end":{"line":30,"column":5}}},"5":{"name":"(anonymous_5)","decl":{"start":{"line":76,"column":30},"end":{"line":76,"column":31}},"loc":{"start":{"line":76,"column":39},"end":{"line":104,"column":17}}},"6":{"name":"(anonymous_6)","decl":{"start":{"line":110,"column":25},"end":{"line":110,"column":28}},"loc":{"start":{"line":110,"column":31},"end":{"line":110,"column":49}}},"7":{"name":"(anonymous_7)","decl":{"start":{"line":128,"column":32},"end":{"line":128,"column":33}},"loc":{"start":{"line":128,"column":41},"end":{"line":147,"column":19}}},"8":{"name":"(anonymous_8)","decl":{"start":{"line":136,"column":33},"end":{"line":136,"column":36}},"loc":{"start":{"line":136,"column":39},"end":{"line":136,"column":55}}}},"branchMap":{"0":{"loc":{"start":{"line":46,"column":7},"end":{"line":152,"column":null}},"type":"binary-expr","locations":[{"start":{"line":46,"column":7},"end":{"line":46,"column":17}},{"start":{"line":47,"column":8},"end":{"line":151,"column":null}}]},"1":{"loc":{"start":{"line":53,"column":12},"end":{"line":55,"column":null}},"type":"cond-expr","locations":[{"start":{"line":54,"column":16},"end":{"line":54,"column":74}},{"start":{"line":55,"column":16},"end":{"line":55,"column":null}}]},"2":{"loc":{"start":{"line":85,"column":24},"end":{"line":87,"column":null}},"type":"cond-expr","locations":[{"start":{"line":86,"column":28},"end":{"line":86,"column":46}},{"start":{"line":87,"column":28},"end":{"line":87,"column":null}}]},"3":{"loc":{"start":{"line":94,"column":23},"end":{"line":99,"column":null}},"type":"binary-expr","locations":[{"start":{"line":94,"column":23},"end":{"line":94,"column":31}},{"start":{"line":95,"column":24},"end":{"line":98,"column":null}}]},"4":{"loc":{"start":{"line":113,"column":17},"end":{"line":113,"column":82}},"type":"cond-expr","locations":[{"start":{"line":113,"column":26},"end":{"line":113,"column":51}},{"start":{"line":113,"column":54},"end":{"line":113,"column":82}}]},"5":{"loc":{"start":{"line":120,"column":13},"end":{"line":149,"column":null}},"type":"binary-expr","locations":[{"start":{"line":120,"column":13},"end":{"line":120,"column":19}},{"start":{"line":121,"column":14},"end":{"line":148,"column":null}}]},"6":{"loc":{"start":{"line":138,"column":26},"end":{"line":140,"column":null}},"type":"cond-expr","locations":[{"start":{"line":139,"column":30},"end":{"line":139,"column":95}},{"start":{"line":140,"column":30},"end":{"line":140,"column":null}}]}},"s":{"0":0,"1":0,"2":0,"3":0,"4":0,"5":0,"6":0,"7":0,"8":0,"9":0,"10":0,"11":0,"12":0,"13":0,"14":0,"15":0,"16":0,"17":0,"18":0,"19":0,"20":0,"21":0,"22":0,"23":0,"24":0,"25":0,"26":0,"27":0,"28":0,"29":0},"f":{"0":0,"1":0,"2":0,"3":0,"4":0,"5":0,"6":0,"7":0,"8":0},"b":{"0":[0,0],"1":[0,0],"2":[0,0],"3":[0,0],"4":[0,0],"5":[0,0],"6":[0,0]}}
,"/home/runner/work/csi-sfit/csi-sfit/src/components/ParallaxSection.tsx": {"path":"/home/runner/work/csi-sfit/csi-sfit/src/components/ParallaxSection.tsx","statementMap":{"0":{"start":{"line":1,"column":0},"end":{"line":1,"column":38}},"1":{"start":{"line":2,"column":0},"end":{"line":2,"column":64}},"2":{"start":{"line":10,"column":63},"end":{"line":32,"column":1}},"3":{"start":{"line":15,"column":14},"end":{"line":15,"column":42}},"4":{"start":{"line":16,"column":30},"end":{"line":19,"column":4}},"5":{"start":{"line":21,"column":12},"end":{"line":21,"column":68}},"6":{"start":{"line":23,"column":2},"end":{"line":31,"column":4}},"7":{"start":{"line":10,"column":13},"end":{"line":10,"column":63}}},"fnMap":{"0":{"name":"(anonymous_0)","decl":{"start":{"line":10,"column":63},"end":{"line":10,"column":64}},"loc":{"start":{"line":14,"column":5},"end":{"line":32,"column":1}}}},"branchMap":{"0":{"loc":{"start":{"line":12,"column":2},"end":{"line":12,"column":13}},"type":"default-arg","locations":[{"start":{"line":12,"column":11},"end":{"line":12,"column":13}}]},"1":{"loc":{"start":{"line":13,"column":2},"end":{"line":13,"column":16}},"type":"default-arg","locations":[{"start":{"line":13,"column":14},"end":{"line":13,"column":16}}]}},"s":{"0":0,"1":0,"2":0,"3":0,"4":0,"5":0,"6":0,"7":0},"f":{"0":0},"b":{"0":[0],"1":[0]}}
,"/home/runner/work/csi-sfit/csi-sfit/src/components/ParticleBackground.tsx": {"path":"/home/runner/work/csi-sfit/csi-sfit/src/components/ParticleBackground.tsx","statementMap":{"0":{"start":{"line":1,"column":0},"end":{"line":1,"column":49}},"1":{"start":{"line":13,"column":44},"end":{"line":125,"column":1}},"2":{"start":{"line":14,"column":20},"end":{"line":14,"column":51}},"3":{"start":{"line":15,"column":23},"end":{"line":15,"column":39}},"4":{"start":{"line":16,"column":23},"end":{"line":16,"column":45}},"5":{"start":{"line":18,"column":2},"end":{"line":116,"column":9}},"6":{"start":{"line":19,"column":19},"end":{"line":19,"column":36}},"7":{"start":{"line":20,"column":4},"end":{"line":20,"column":24}},"8":{"start":{"line":20,"column":17},"end":{"line":20,"column":24}},"9":{"start":{"line":22,"column":16},"end":{"line":22,"column":39}},"10":{"start":{"line":23,"column":4},"end":{"line":23,"column":21}},"11":{"start":{"line":23,"column":14},"end":{"line":23,"column":21}},"12":{"start":{"line":25,"column":25},"end":{"line":28,"column":5}},"13":{"start":{"line":26,"column":6},"end":{"line":26,"column":39}},"14":{"start":{"line":27,"column":6},"end":{"line":27,"column":41}},"15":{"start":{"line":30,"column":28},"end":{"line":49,"column":5}},"16":{"start":{"line":31,"column":36},"end":{"line":31,"column":38}},"17":{"start":{"line":32,"column":28},"end":{"line":32,"column":92}},"18":{"start":{"line":34,"column":21},"end":{"line":34,"column":54}},"19":{"start":{"line":36,"column":6},"end":{"line":46,"column":7}},"20":{"start":{"line":36,"column":19},"end":{"line":36,"column":20}},"21":{"start":{"line":37,"column":8},"end":{"line":45,"column":11}},"22":{"start":{"line":48,"column":6},"end":{"line":48,"column":39}},"23":{"start":{"line":51,"column":20},"end":{"line":97,"column":5}},"24":{"start":{"line":52,"column":6},"end":{"line":52,"column":47}},"25":{"start":{"line":53,"column":6},"end":{"line":53,"column":54}},"26":{"start":{"line":55,"column":6},"end":{"line":94,"column":9}},"27":{"start":{"line":57,"column":8},"end":{"line":57,"column":34}},"28":{"start":{"line":58,"column":8},"end":{"line":58,"column":34}},"29":{"start":{"line":61,"column":8},"end":{"line":61,"column":54}},"30":{"start":{"line":61,"column":28},"end":{"line":61,"column":54}},"31":{"start":{"line":62,"column":8},"end":{"line":62,"column":54}},"32":{"start":{"line":62,"column":39},"end":{"line":62,"column":54}},"33":{"start":{"line":63,"column":8},"end":{"line":63,"column":55}},"34":{"start":{"line":63,"column":28},"end":{"line":63,"column":55}},"35":{"start":{"line":64,"column":8},"end":{"line":64,"column":55}},"36":{"start":{"line":64,"column":40},"end":{"line":64,"column":55}},"37":{"start":{"line":67,"column":8},"end":{"line":67,"column":19}},"38":{"start":{"line":68,"column":8},"end":{"line":68,"column":43}},"39":{"start":{"line":69,"column":8},"end":{"line":69,"column":39}},"40":{"start":{"line":70,"column":8},"end":{"line":70,"column":24}},"41":{"start":{"line":71,"column":8},"end":{"line":71,"column":71}},"42":{"start":{"line":72,"column":8},"end":{"line":72,"column":19}},"43":{"start":{"line":73,"column":8},"end":{"line":73,"column":22}},"44":{"start":{"line":76,"column":8},"end":{"line":93,"column":9}},"45":{"start":{"line":76,"column":21},"end":{"line":76,"column":30}},"46":{"start":{"line":77,"column":28},"end":{"line":77,"column":51}},"47":{"start":{"line":78,"column":27},"end":{"line":79,"column":null}},"48":{"start":{"line":82,"column":10},"end":{"line":92,"column":11}},"49":{"start":{"line":83,"column":12},"end":{"line":83,"column":23}},"50":{"start":{"line":84,"column":12},"end":{"line":84,"column":57}},"51":{"start":{"line":85,"column":12},"end":{"line":85,"column":45}},"52":{"start":{"line":86,"column":12},"end":{"line":86,"column":32}},"53":{"start":{"line":87,"column":12},"end":{"line":87,"column":28}},"54":{"start":{"line":88,"column":12},"end":{"line":88,"column":47}},"55":{"start":{"line":89,"column":12},"end":{"line":89,"column":49}},"56":{"start":{"line":90,"column":12},"end":{"line":90,"column":25}},"57":{"start":{"line":91,"column":12},"end":{"line":91,"column":26}},"58":{"start":{"line":96,"column":6},"end":{"line":96,"column":60}},"59":{"start":{"line":99,"column":4},"end":{"line":99,"column":19}},"60":{"start":{"line":100,"column":4},"end":{"line":100,"column":22}},"61":{"start":{"line":101,"column":4},"end":{"line":101,"column":14}},"62":{"start":{"line":103,"column":25},"end":{"line":106,"column":5}},"63":{"start":{"line":104,"column":6},"end":{"line":104,"column":21}},"64":{"start":{"line":105,"column":6},"end":{"line":105,"column":24}},"65":{"start":{"line":108,"column":4},"end":{"line":108,"column":52}},"66":{"start":{"line":110,"column":4},"end":{"line":115,"column":6}},"67":{"start":{"line":111,"column":6},"end":{"line":111,"column":57}},"68":{"start":{"line":112,"column":6},"end":{"line":114,"column":7}},"69":{"start":{"line":113,"column":8},"end":{"line":113,"column":51}},"70":{"start":{"line":118,"column":2},"end":{"line":124,"column":4}},"71":{"start":{"line":13,"column":13},"end":{"line":13,"column":44}}},"fnMap":{"0":{"name":"(anonymous_0)","decl":{"start":{"line":13,"column":44},"end":{"line":13,"column":47}},"loc":{"start":{"line":13,"column":49},"end":{"line":125,"column":1}}},"1":{"name":"(anonymous_1)","decl":{"start":{"line":18,"column":12},"end":{"line":18,"column":15}},"loc":{"start":{"line":18,"column":17},"end":{"line":116,"column":3}}},"2":{"name":"(anonymous_2)","decl":{"start":{"line":25,"column":25},"end":{"line":25,"column":28}},"loc":{"start":{"line":25,"column":30},"end":{"line":28,"column":5}}},"3":{"name":"(anonymous_3)","decl":{"start":{"line":30,"column":28},"end":{"line":30,"column":31}},"loc":{"start":{"line":30,"column":33},"end":{"line":49,"column":5}}},"4":{"name":"(anonymous_4)","decl":{"start":{"line":51,"column":20},"end":{"line":51,"column":23}},"loc":{"start":{"line":51,"column":25},"end":{"line":97,"column":5}}},"5":{"name":"(anonymous_5)","decl":{"start":{"line":55,"column":35},"end":{"line":55,"column":36}},"loc":{"start":{"line":55,"column":55},"end":{"line":94,"column":7}}},"6":{"name":"(anonymous_6)","decl":{"start":{"line":103,"column":25},"end":{"line":103,"column":28}},"loc":{"start":{"line":103,"column":30},"end":{"line":106,"column":5}}},"7":{"name":"(anonymous_7)","decl":{"start":{"line":110,"column":11},"end":{"line":110,"column":14}},"loc":{"start":{"line":110,"column":16},"end":{"line":115,"column":5}}}},"branchMap":{"0":{"loc":{"start":{"line":20,"column":4},"end":{"line":20,"column":24}},"type":"if","locations":[{"start":{"line":20,"column":4},"end":{"line":20,"column":24}},{"start":{},"end":{}}]},"1":{"loc":{"start":{"line":23,"column":4},"end":{"line":23,"column":21}},"type":"if","locations":[{"start":{"line":23,"column":4},"end":{"line":23,"column":21}},{"start":{},"end":{}}]},"2":{"loc":{"start":{"line":61,"column":8},"end":{"line":61,"column":54}},"type":"if","locations":[{"start":{"line":61,"column":8},"end":{"line":61,"column":54}},{"start":{},"end":{}}]},"3":{"loc":{"start":{"line":62,"column":8},"end":{"line":62,"column":54}},"type":"if","locations":[{"start":{"line":62,"column":8},"end":{"line":62,"column":54}},{"start":{},"end":{}}]},"4":{"loc":{"start":{"line":63,"column":8},"end":{"line":63,"column":55}},"type":"if","locations":[{"start":{"line":63,"column":8},"end":{"line":63,"column":55}},{"start":{},"end":{}}]},"5":{"loc":{"start":{"line":64,"column":8},"end":{"line":64,"column":55}},"type":"if","locations":[{"start":{"line":64,"column":8},"end":{"line":64,"column":55}},{"start":{},"end":{}}]},"6":{"loc":{"start":{"line":82,"column":10},"end":{"line":92,"column":11}},"type":"if","locations":[{"start":{"line":82,"column":10},"end":{"line":92,"column":11}},{"start":{},"end":{}}]},"7":{"loc":{"start":{"line":112,"column":6},"end":{"line":114,"column":7}},"type":"if","locations":[{"start":{"line":112,"column":6},"end":{"line":114,"column":7}},{"start":{},"end":{}}]}},"s":{"0":0,"1":0,"2":0,"3":0,"4":0,"5":0,"6":0,"7":0,"8":0,"9":0,"10":0,"11":0,"12":0,"13":0,"14":0,"15":0,"16":0,"17":0,"18":0,"19":0,"20":0,"21":0,"22":0,"23":0,"24":0,"25":0,"26":0,"27":0,"28":0,"29":0,"30":0,"31":0,"32":0,"33":0,"34":0,"35":0,"36":0,"37":0,"38":0,"39":0,"40":0,"41":0,"42":0,"43":0,"44":0,"45":0,"46":0,"47":0,"48":0,"49":0,"50":0,"51":0,"52":0,"53":0,"54":0,"55":0,"56":0,"57":0,"58":0,"59":0,"60":0,"61":0,"62":0,"63":0,"64":0,"65":0,"66":0,"67":0,"68":0,"69":0,"70":0,"71":0},"f":{"0":0,"1":0,"2":0,"3":0,"4":0,"5":0,"6":0,"7":0},"b":{"0":[0,0],"1":[0,0],"2":[0,0],"3":[0,0],"4":[0,0],"5":[0,0],"6":[0,0],"7":[0,0]}}
,"/home/runner/work/csi-sfit/csi-sfit/src/pages/About.tsx": {"path":"/home/runner/work/csi-sfit/csi-sfit/src/pages/About.tsx","statementMap":{"0":{"start":{"line":2,"column":0},"end":{"line":2,"column":39}},"1":{"start":{"line":3,"column":0},"end":{"line":3,"column":56}},"2":{"start":{"line":4,"column":0},"end":{"line":4,"column":81}},"3":{"start":{"line":5,"column":0},"end":{"line":5,"column":52}},"4":{"start":{"line":7,"column":31},"end":{"line":229,"column":1}},"5":{"start":{"line":8,"column":32},"end":{"line":8,"column":80}},"6":{"start":{"line":9,"column":40},"end":{"line":9,"column":88}},"7":{"start":{"line":11,"column":17},"end":{"line":32,"column":4}},"8":{"start":{"line":34,"column":19},"end":{"line":71,"column":4}},"9":{"start":{"line":73,"column":2},"end":{"line":228,"column":4}},"10":{"start":{"line":137,"column":27},"end":{"line":137,"column":37}},"11":{"start":{"line":138,"column":14},"end":{"line":153,"column":16}},"12":{"start":{"line":182,"column":14},"end":{"line":183,"column":null}},"13":{"start":{"line":7,"column":13},"end":{"line":7,"column":31}}},"fnMap":{"0":{"name":"(anonymous_0)","decl":{"start":{"line":7,"column":31},"end":{"line":7,"column":34}},"loc":{"start":{"line":7,"column":36},"end":{"line":229,"column":1}}},"1":{"name":"(anonymous_1)","decl":{"start":{"line":136,"column":24},"end":{"line":136,"column":25}},"loc":{"start":{"line":136,"column":41},"end":{"line":154,"column":13}}},"2":{"name":"(anonymous_2)","decl":{"start":{"line":181,"column":26},"end":{"line":181,"column":27}},"loc":{"start":{"line":182,"column":14},"end":{"line":183,"column":null}}}},"branchMap":{"0":{"loc":{"start":{"line":81,"column":21},"end":{"line":81,"column":59}},"type":"cond-expr","locations":[{"start":{"line":81,"column":34},"end":{"line":81,"column":54}},{"start":{"line":81,"column":57},"end":{"line":81,"column":59}}]},"1":{"loc":{"start":{"line":97,"column":21},"end":{"line":97,"column":59}},"type":"cond-expr","locations":[{"start":{"line":97,"column":34},"end":{"line":97,"column":54}},{"start":{"line":97,"column":57},"end":{"line":97,"column":59}}]},"2":{"loc":{"start":{"line":126,"column":21},"end":{"line":126,"column":59}},"type":"cond-expr","locations":[{"start":{"line":126,"column":34},"end":{"line":126,"column":54}},{"start":{"line":126,"column":57},"end":{"line":126,"column":59}}]},"3":{"loc":{"start":{"line":142,"column":27},"end":{"line":142,"column":65}},"type":"cond-expr","locations":[{"start":{"line":142,"column":40},"end":{"line":142,"column":60}},{"start":{"line":142,"column":63},"end":{"line":142,"column":65}}]},"4":{"loc":{"start":{"line":165,"column":21},"end":{"line":165,"column":63}},"type":"cond-expr","locations":[{"start":{"line":165,"column":38},"end":{"line":165,"column":58}},{"start":{"line":165,"column":61},"end":{"line":165,"column":63}}]},"5":{"loc":{"start":{"line":184,"column":42},"end":{"line":184,"column":68}},"type":"cond-expr","locations":[{"start":{"line":184,"column":60},"end":{"line":184,"column":63}},{"start":{"line":184,"column":66},"end":{"line":184,"column":68}}]},"6":{"loc":{"start":{"line":185,"column":25},"end":{"line":185,"column":67}},"type":"cond-expr","locations":[{"start":{"line":185,"column":42},"end":{"line":185,"column":62}},{"start":{"line":185,"column":65},"end":{"line":185,"column":67}}]},"7":{"loc":{"start":{"line":188,"column":18},"end":{"line":188,"column":null}},"type":"cond-expr","locations":[{"start":{"line":188,"column":36},"end":{"line":188,"column":46}},{"start":{"line":188,"column":49},"end":{"line":188,"column":null}}]}},"s":{"0":0,"1":0,"2":0,"3":0,"4":0,"5":0,"6":0,"7":0,"8":0,"9":0,"10":0,"11":0,"12":0,"13":0},"f":{"0":0,"1":0,"2":0},"b":{"0":[0,0],"1":[0,0],"2":[0,0],"3":[0,0],"4":[0,0],"5":[0,0],"6":[0,0],"7":[0,0]}}
,"/home/runner/work/csi-sfit/csi-sfit/src/pages/Contact.tsx": {"path":"/home/runner/work/csi-sfit/csi-sfit/src/pages/Contact.tsx","statementMap":{"0":{"start":{"line":1,"column":0},"end":{"line":1,"column":40}},"1":{"start":{"line":2,"column":0},"end":{"line":2,"column":39}},"2":{"start":{"line":3,"column":0},"end":{"line":3,"column":56}},"3":{"start":{"line":4,"column":0},"end":{"line":4,"column":52}},"4":{"start":{"line":5,"column":0},"end":{"line":5,"column":62}},"5":{"start":{"line":6,"column":0},"end":{"line":6,"column":null}},"6":{"start":{"line":17,"column":0},"end":{"line":17,"column":39}},"7":{"start":{"line":19,"column":33},"end":{"line":305,"column":1}},"8":{"start":{"line":20,"column":32},"end":{"line":20,"column":80}},"9":{"start":{"line":21,"column":32},"end":{"line":21,"column":80}},"10":{"start":{"line":22,"column":34},"end":{"line":27,"column":4}},"11":{"start":{"line":30,"column":23},"end":{"line":60,"column":3}},"12":{"start":{"line":31,"column":4},"end":{"line":31,"column":23}},"13":{"start":{"line":33,"column":30},"end":{"line":33,"column":144}},"14":{"start":{"line":35,"column":4},"end":{"line":42,"column":7}},"15":{"start":{"line":44,"column":4},"end":{"line":59,"column":7}},"16":{"start":{"line":55,"column":6},"end":{"line":55,"column":29}},"17":{"start":{"line":56,"column":6},"end":{"line":56,"column":69}},"18":{"start":{"line":58,"column":6},"end":{"line":58,"column":57}},"19":{"start":{"line":62,"column":28},"end":{"line":64,"column":3}},"20":{"start":{"line":63,"column":4},"end":{"line":63,"column":66}},"21":{"start":{"line":66,"column":22},"end":{"line":113,"column":4}},"22":{"start":{"line":115,"column":22},"end":{"line":120,"column":4}},"23":{"start":{"line":122,"column":2},"end":{"line":304,"column":4}},"24":{"start":{"line":158,"column":31},"end":{"line":158,"column":40}},"25":{"start":{"line":159,"column":18},"end":{"line":186,"column":20}},"26":{"start":{"line":200,"column":33},"end":{"line":200,"column":44}},"27":{"start":{"line":201,"column":20},"end":{"line":213,"column":22}},"28":{"start":{"line":19,"column":13},"end":{"line":19,"column":33}}},"fnMap":{"0":{"name":"(anonymous_1)","decl":{"start":{"line":19,"column":33},"end":{"line":19,"column":36}},"loc":{"start":{"line":19,"column":38},"end":{"line":305,"column":1}}},"1":{"name":"(anonymous_2)","decl":{"start":{"line":30,"column":23},"end":{"line":30,"column":24}},"loc":{"start":{"line":30,"column":46},"end":{"line":60,"column":3}}},"2":{"name":"(anonymous_3)","decl":{"start":{"line":54,"column":11},"end":{"line":54,"column":14}},"loc":{"start":{"line":54,"column":16},"end":{"line":57,"column":5}}},"3":{"name":"(anonymous_4)","decl":{"start":{"line":57,"column":7},"end":{"line":57,"column":10}},"loc":{"start":{"line":57,"column":12},"end":{"line":59,"column":5}}},"4":{"name":"(anonymous_5)","decl":{"start":{"line":62,"column":28},"end":{"line":62,"column":29}},"loc":{"start":{"line":62,"column":93},"end":{"line":64,"column":3}}},"5":{"name":"(anonymous_6)","decl":{"start":{"line":157,"column":33},"end":{"line":157,"column":34}},"loc":{"start":{"line":157,"column":49},"end":{"line":187,"column":17}}},"6":{"name":"(anonymous_7)","decl":{"start":{"line":199,"column":35},"end":{"line":199,"column":36}},"loc":{"start":{"line":199,"column":53},"end":{"line":214,"column":19}}}},"branchMap":{"0":{"loc":{"start":{"line":131,"column":21},"end":{"line":131,"column":59}},"type":"cond-expr","locations":[{"start":{"line":131,"column":34},"end":{"line":131,"column":54}},{"start":{"line":131,"column":57},"end":{"line":131,"column":59}}]},"1":{"loc":{"start":{"line":152,"column":23},"end":{"line":152,"column":61}},"type":"cond-expr","locations":[{"start":{"line":152,"column":36},"end":{"line":152,"column":56}},{"start":{"line":152,"column":59},"end":{"line":152,"column":61}}]},"2":{"loc":{"start":{"line":163,"column":31},"end":{"line":163,"column":69}},"type":"cond-expr","locations":[{"start":{"line":163,"column":44},"end":{"line":163,"column":64}},{"start":{"line":163,"column":67},"end":{"line":163,"column":69}}]},"3":{"loc":{"start":{"line":174,"column":31},"end":{"line":179,"column":null}},"type":"cond-expr","locations":[{"start":{"line":175,"column":32},"end":{"line":176,"column":null}},{"start":{"line":179,"column":32},"end":{"line":179,"column":79}}]},"4":{"loc":{"start":{"line":193,"column":25},"end":{"line":193,"column":63}},"type":"cond-expr","locations":[{"start":{"line":193,"column":38},"end":{"line":193,"column":58}},{"start":{"line":193,"column":61},"end":{"line":193,"column":63}}]},"5":{"loc":{"start":{"line":223,"column":23},"end":{"line":223,"column":61}},"type":"cond-expr","locations":[{"start":{"line":223,"column":36},"end":{"line":223,"column":56}},{"start":{"line":223,"column":59},"end":{"line":223,"column":61}}]},"6":{"loc":{"start":{"line":282,"column":21},"end":{"line":282,"column":59}},"type":"cond-expr","locations":[{"start":{"line":282,"column":34},"end":{"line":282,"column":54}},{"start":{"line":282,"column":57},"end":{"line":282,"column":59}}]}},"s":{"0":0,"1":0,"2":0,"3":0,"4":0,"5":0,"6":0,"7":0,"8":0,"9":0,"10":0,"11":0,"12":0,"13":0,"14":0,"15":0,"16":0,"17":0,"18":0,"19":0,"20":0,"21":0,"22":0,"23":0,"24":0,"25":0,"26":0,"27":0,"28":0},"f":{"0":0,"1":0,"2":0,"3":0,"4":0,"5":0,"6":0},"b":{"0":[0,0],"1":[0,0],"2":[0,0],"3":[0,0],"4":[0,0],"5":[0,0],"6":[0,0]}}
,"/home/runner/work/csi-sfit/csi-sfit/src/pages/Events.tsx": {"path":"/home/runner/work/csi-sfit/csi-sfit/src/pages/Events.tsx","statementMap":{"0":{"start":{"line":1,"column":0},"end":{"line":1,"column":40}},"1":{"start":{"line":2,"column":0},"end":{"line":2,"column":56}},"2":{"start":{"line":3,"column":0},"end":{"line":3,"column":56}},"3":{"start":{"line":4,"column":0},"end":{"line":4,"column":97}},"4":{"start":{"line":5,"column":0},"end":{"line":5,"column":52}},"5":{"start":{"line":23,"column":32},"end":{"line":421,"column":1}},"6":{"start":{"line":24,"column":32},"end":{"line":24,"column":80}},"7":{"start":{"line":25,"column":36},"end":{"line":25,"column":84}},"8":{"start":{"line":26,"column":50},"end":{"line":26,"column":73}},"9":{"start":{"line":27,"column":38},"end":{"line":27,"column":50}},"10":{"start":{"line":29,"column":26},"end":{"line":120,"column":4}},"11":{"start":{"line":122,"column":21},"end":{"line":129,"column":4}},"12":{"start":{"line":124,"column":68},"end":{"line":124,"column":93}},"13":{"start":{"line":125,"column":66},"end":{"line":125,"column":90}},"14":{"start":{"line":126,"column":74},"end":{"line":126,"column":102}},"15":{"start":{"line":127,"column":70},"end":{"line":127,"column":96}},"16":{"start":{"line":128,"column":71},"end":{"line":128,"column":98}},"17":{"start":{"line":131,"column":25},"end":{"line":137,"column":4}},"18":{"start":{"line":132,"column":28},"end":{"line":132,"column":93}},"19":{"start":{"line":133,"column":26},"end":{"line":135,"column":101}},"20":{"start":{"line":135,"column":48},"end":{"line":135,"column":100}},"21":{"start":{"line":136,"column":4},"end":{"line":136,"column":44}},"22":{"start":{"line":139,"column":27},"end":{"line":148,"column":3}},"23":{"start":{"line":140,"column":19},"end":{"line":146,"column":6}},"24":{"start":{"line":147,"column":4},"end":{"line":147,"column":82}},"25":{"start":{"line":150,"column":25},"end":{"line":157,"column":3}},"26":{"start":{"line":151,"column":19},"end":{"line":155,"column":6}},"27":{"start":{"line":156,"column":4},"end":{"line":156,"column":102}},"28":{"start":{"line":159,"column":2},"end":{"line":420,"column":4}},"29":{"start":{"line":197,"column":37},"end":{"line":197,"column":66}},"30":{"start":{"line":205,"column":37},"end":{"line":205,"column":72}},"31":{"start":{"line":209,"column":22},"end":{"line":209,"column":48}},"32":{"start":{"line":227,"column":14},"end":{"line":228,"column":null}},"33":{"start":{"line":234,"column":31},"end":{"line":234,"column":63}},"34":{"start":{"line":265,"column":16},"end":{"line":266,"column":null}},"35":{"start":{"line":339,"column":26},"end":{"line":340,"column":null}},"36":{"start":{"line":407,"column":20},"end":{"line":407,"column":47}},"37":{"start":{"line":408,"column":20},"end":{"line":408,"column":38}},"38":{"start":{"line":23,"column":13},"end":{"line":23,"column":32}}},"fnMap":{"0":{"name":"(anonymous_0)","decl":{"start":{"line":23,"column":32},"end":{"line":23,"column":35}},"loc":{"start":{"line":23,"column":37},"end":{"line":421,"column":1}}},"1":{"name":"(anonymous_1)","decl":{"start":{"line":124,"column":63},"end":{"line":124,"column":64}},"loc":{"start":{"line":124,"column":68},"end":{"line":124,"column":93}}},"2":{"name":"(anonymous_2)","decl":{"start":{"line":125,"column":61},"end":{"line":125,"column":62}},"loc":{"start":{"line":125,"column":66},"end":{"line":125,"column":90}}},"3":{"name":"(anonymous_3)","decl":{"start":{"line":126,"column":69},"end":{"line":126,"column":70}},"loc":{"start":{"line":126,"column":74},"end":{"line":126,"column":102}}},"4":{"name":"(anonymous_4)","decl":{"start":{"line":127,"column":65},"end":{"line":127,"column":66}},"loc":{"start":{"line":127,"column":70},"end":{"line":127,"column":96}}},"5":{"name":"(anonymous_5)","decl":{"start":{"line":128,"column":66},"end":{"line":128,"column":67}},"loc":{"start":{"line":128,"column":71},"end":{"line":128,"column":98}}},"6":{"name":"(anonymous_6)","decl":{"start":{"line":131,"column":39},"end":{"line":131,"column":44}},"loc":{"start":{"line":131,"column":47},"end":{"line":137,"column":3}}},"7":{"name":"(anonymous_7)","decl":{"start":{"line":135,"column":41},"end":{"line":135,"column":44}},"loc":{"start":{"line":135,"column":48},"end":{"line":135,"column":100}}},"8":{"name":"(anonymous_8)","decl":{"start":{"line":139,"column":27},"end":{"line":139,"column":28}},"loc":{"start":{"line":139,"column":48},"end":{"line":148,"column":3}}},"9":{"name":"(anonymous_9)","decl":{"start":{"line":150,"column":25},"end":{"line":150,"column":26}},"loc":{"start":{"line":150,"column":44},"end":{"line":157,"column":3}}},"10":{"name":"(anonymous_10)","decl":{"start":{"line":197,"column":30},"end":{"line":197,"column":31}},"loc":{"start":{"line":197,"column":37},"end":{"line":197,"column":66}}},"11":{"name":"(anonymous_11)","decl":{"start":{"line":205,"column":30},"end":{"line":205,"column":31}},"loc":{"start":{"line":205,"column":37},"end":{"line":205,"column":72}}},"12":{"name":"(anonymous_12)","decl":{"start":{"line":208,"column":36},"end":{"line":208,"column":44}},"loc":{"start":{"line":209,"column":22},"end":{"line":209,"column":48}}},"13":{"name":"(anonymous_13)","decl":{"start":{"line":226,"column":28},"end":{"line":226,"column":29}},"loc":{"start":{"line":227,"column":14},"end":{"line":228,"column":null}}},"14":{"name":"(anonymous_14)","decl":{"start":{"line":234,"column":25},"end":{"line":234,"column":28}},"loc":{"start":{"line":234,"column":31},"end":{"line":234,"column":63}}},"15":{"name":"(anonymous_15)","decl":{"start":{"line":264,"column":34},"end":{"line":264,"column":35}},"loc":{"start":{"line":265,"column":16},"end":{"line":266,"column":null}}},"16":{"name":"(anonymous_16)","decl":{"start":{"line":338,"column":40},"end":{"line":338,"column":41}},"loc":{"start":{"line":339,"column":26},"end":{"line":340,"column":null}}},"17":{"name":"(anonymous_17)","decl":{"start":{"line":406,"column":27},"end":{"line":406,"column":30}},"loc":{"start":{"line":406,"column":32},"end":{"line":409,"column":19}}}},"branchMap":{"0":{"loc":{"start":{"line":132,"column":28},"end":{"line":132,"column":93}},"type":"binary-expr","locations":[{"start":{"line":132,"column":28},"end":{"line":132,"column":54}},{"start":{"line":132,"column":58},"end":{"line":132,"column":93}}]},"1":{"loc":{"start":{"line":133,"column":26},"end":{"line":135,"column":101}},"type":"binary-expr","locations":[{"start":{"line":133,"column":26},"end":{"line":133,"column":86}},{"start":{"line":134,"column":25},"end":{"line":134,"column":91}},{"start":{"line":135,"column":25},"end":{"line":135,"column":101}}]},"2":{"loc":{"start":{"line":136,"column":11},"end":{"line":136,"column":43}},"type":"binary-expr","locations":[{"start":{"line":136,"column":11},"end":{"line":136,"column":26}},{"start":{"line":136,"column":30},"end":{"line":136,"column":43}}]},"3":{"loc":{"start":{"line":147,"column":11},"end":{"line":147,"column":81}},"type":"binary-expr","locations":[{"start":{"line":147,"column":11},"end":{"line":147,"column":50}},{"start":{"line":147,"column":54},"end":{"line":147,"column":81}}]},"4":{"loc":{"start":{"line":156,"column":11},"end":{"line":156,"column":101}},"type":"binary-expr","locations":[{"start":{"line":156,"column":11},"end":{"line":156,"column":48}},{"start":{"line":156,"column":52},"end":{"line":156,"column":101}}]},"5":{"loc":{"start":{"line":169,"column":21},"end":{"line":169,"column":59}},"type":"cond-expr","locations":[{"start":{"line":169,"column":34},"end":{"line":169,"column":54}},{"start":{"line":169,"column":57},"end":{"line":169,"column":59}}]},"6":{"loc":{"start":{"line":185,"column":21},"end":{"line":185,"column":59}},"type":"cond-expr","locations":[{"start":{"line":185,"column":34},"end":{"line":185,"column":54}},{"start":{"line":185,"column":57},"end":{"line":185,"column":59}}]},"7":{"loc":{"start":{"line":222,"column":21},"end":{"line":222,"column":59}},"type":"cond-expr","locations":[{"start":{"line":222,"column":34},"end":{"line":222,"column":54}},{"start":{"line":222,"column":57},"end":{"line":222,"column":59}}]},"8":{"loc":{"start":{"line":230,"column":25},"end":{"line":230,"column":67}},"type":"cond-expr","locations":[{"start":{"line":230,"column":38},"end":{"line":230,"column":62}},{"start":{"line":230,"column":65},"end":{"line":230,"column":67}}]},"9":{"loc":{"start":{"line":236,"column":18},"end":{"line":238,"column":null}},"type":"cond-expr","locations":[{"start":{"line":237,"column":22},"end":{"line":237,"column":115}},{"start":{"line":238,"column":22},"end":{"line":238,"column":null}}]},"10":{"loc":{"start":{"line":268,"column":27},"end":{"line":268,"column":67}},"type":"cond-expr","locations":[{"start":{"line":268,"column":42},"end":{"line":268,"column":62}},{"start":{"line":268,"column":65},"end":{"line":268,"column":67}}]},"11":{"loc":{"start":{"line":290,"column":23},"end":{"line":293,"column":null}},"type":"binary-expr","locations":[{"start":{"line":290,"column":23},"end":{"line":290,"column":37}},{"start":{"line":291,"column":24},"end":{"line":291,"column":null}}]},"12":{"loc":{"start":{"line":357,"column":37},"end":{"line":357,"column":118}},"type":"cond-expr","locations":[{"start":{"line":357,"column":52},"end":{"line":357,"column":113}},{"start":{"line":357,"column":116},"end":{"line":357,"column":118}}]},"13":{"loc":{"start":{"line":369,"column":26},"end":{"line":373,"column":null}},"type":"cond-expr","locations":[{"start":{"line":370,"column":30},"end":{"line":370,"column":135}},{"start":{"line":371,"column":30},"end":{"line":373,"column":null}}]},"14":{"loc":{"start":{"line":371,"column":30},"end":{"line":373,"column":null}},"type":"cond-expr","locations":[{"start":{"line":372,"column":30},"end":{"line":372,"column":126}},{"start":{"line":373,"column":30},"end":{"line":373,"column":null}}]},"15":{"loc":{"start":{"line":378,"column":27},"end":{"line":379,"column":88}},"type":"cond-expr","locations":[{"start":{"line":378,"column":57},"end":{"line":378,"column":71}},{"start":{"line":379,"column":27},"end":{"line":379,"column":88}}]},"16":{"loc":{"start":{"line":379,"column":27},"end":{"line":379,"column":88}},"type":"cond-expr","locations":[{"start":{"line":379,"column":56},"end":{"line":379,"column":68}},{"start":{"line":379,"column":71},"end":{"line":379,"column":88}}]},"17":{"loc":{"start":{"line":381,"column":25},"end":{"line":381,"column":93}},"type":"binary-expr","locations":[{"start":{"line":381,"column":25},"end":{"line":381,"column":53}},{"start":{"line":381,"column":57},"end":{"line":381,"column":93}}]},"18":{"loc":{"start":{"line":391,"column":11},"end":{"line":415,"column":null}},"type":"binary-expr","locations":[{"start":{"line":391,"column":11},"end":{"line":391,"column":38}},{"start":{"line":392,"column":12},"end":{"line":414,"column":null}}]}},"s":{"0":0,"1":0,"2":0,"3":0,"4":0,"5":0,"6":0,"7":0,"8":0,"9":0,"10":0,"11":0,"12":0,"13":0,"14":0,"15":0,"16":0,"17":0,"18":0,"19":0,"20":0,"21":0,"22":0,"23":0,"24":0,"25":0,"26":0,"27":0,"28":0,"29":0,"30":0,"31":0,"32":0,"33":0,"34":0,"35":0,"36":0,"37":0,"38":0},"f":{"0":0,"1":0,"2":0,"3":0,"4":0,"5":0,"6":0,"7":0,"8":0,"9":0,"10":0,"11":0,"12":0,"13":0,"14":0,"15":0,"16":0,"17":0},"b":{"0":[0,0],"1":[0,0,0],"2":[0,0],"3":[0,0],"4":[0,0],"5":[0,0],"6":[0,0],"7":[0,0],"8":[0,0],"9":[0,0],"10":[0,0],"11":[0,0],"12":[0,0],"13":[0,0],"14":[0,0],"15":[0,0],"16":[0,0],"17":[0,0],"18":[0,0]}}
,"/home/runner/work/csi-sfit/csi-sfit/src/pages/Gallery.tsx": {"path":"/home/runner/work/csi-sfit/csi-sfit/src/pages/Gallery.tsx","statementMap":{"0":{"start":{"line":1,"column":0},"end":{"line":1,"column":40}},"1":{"start":{"line":2,"column":0},"end":{"line":2,"column":56}},"2":{"start":{"line":3,"column":0},"end":{"line":3,"column":56}},"3":{"start":{"line":4,"column":0},"end":{"line":4,"column":66}},"4":{"start":{"line":5,"column":0},"end":{"line":5,"column":62}},"5":{"start":{"line":18,"column":33},"end":{"line":303,"column":1}},"6":{"start":{"line":19,"column":32},"end":{"line":19,"column":80}},"7":{"start":{"line":20,"column":38},"end":{"line":20,"column":86}},"8":{"start":{"line":21,"column":44},"end":{"line":21,"column":78}},"9":{"start":{"line":22,"column":50},"end":{"line":22,"column":73}},"10":{"start":{"line":24,"column":38},"end":{"line":85,"column":4}},"11":{"start":{"line":87,"column":21},"end":{"line":94,"column":4}},"12":{"start":{"line":96,"column":24},"end":{"line":98,"column":69}},"13":{"start":{"line":98,"column":34},"end":{"line":98,"column":68}},"14":{"start":{"line":100,"column":2},"end":{"line":302,"column":4}},"15":{"start":{"line":131,"column":14},"end":{"line":132,"column":null}},"16":{"start":{"line":138,"column":31},"end":{"line":138,"column":63}},"17":{"start":{"line":160,"column":14},"end":{"line":161,"column":null}},"18":{"start":{"line":172,"column":35},"end":{"line":172,"column":57}},"19":{"start":{"line":245,"column":27},"end":{"line":245,"column":49}},"20":{"start":{"line":253,"column":30},"end":{"line":253,"column":49}},"21":{"start":{"line":257,"column":31},"end":{"line":257,"column":53}},"22":{"start":{"line":18,"column":13},"end":{"line":18,"column":33}}},"fnMap":{"0":{"name":"(anonymous_0)","decl":{"start":{"line":18,"column":33},"end":{"line":18,"column":36}},"loc":{"start":{"line":18,"column":38},"end":{"line":303,"column":1}}},"1":{"name":"(anonymous_1)","decl":{"start":{"line":98,"column":26},"end":{"line":98,"column":30}},"loc":{"start":{"line":98,"column":34},"end":{"line":98,"column":68}}},"2":{"name":"(anonymous_2)","decl":{"start":{"line":130,"column":28},"end":{"line":130,"column":29}},"loc":{"start":{"line":131,"column":14},"end":{"line":132,"column":null}}},"3":{"name":"(anonymous_3)","decl":{"start":{"line":138,"column":25},"end":{"line":138,"column":28}},"loc":{"start":{"line":138,"column":31},"end":{"line":138,"column":63}}},"4":{"name":"(anonymous_4)","decl":{"start":{"line":159,"column":31},"end":{"line":159,"column":32}},"loc":{"start":{"line":160,"column":14},"end":{"line":161,"column":null}}},"5":{"name":"(anonymous_5)","decl":{"start":{"line":172,"column":29},"end":{"line":172,"column":32}},"loc":{"start":{"line":172,"column":35},"end":{"line":172,"column":57}}},"6":{"name":"(anonymous_6)","decl":{"start":{"line":245,"column":21},"end":{"line":245,"column":24}},"loc":{"start":{"line":245,"column":27},"end":{"line":245,"column":49}}},"7":{"name":"(anonymous_7)","decl":{"start":{"line":253,"column":23},"end":{"line":253,"column":24}},"loc":{"start":{"line":253,"column":30},"end":{"line":253,"column":49}}},"8":{"name":"(anonymous_8)","decl":{"start":{"line":257,"column":25},"end":{"line":257,"column":28}},"loc":{"start":{"line":257,"column":31},"end":{"line":257,"column":53}}}},"branchMap":{"0":{"loc":{"start":{"line":96,"column":24},"end":{"line":98,"column":69}},"type":"cond-expr","locations":[{"start":{"line":97,"column":6},"end":{"line":97,"column":18}},{"start":{"line":98,"column":6},"end":{"line":98,"column":69}}]},"1":{"loc":{"start":{"line":110,"column":21},"end":{"line":110,"column":59}},"type":"cond-expr","locations":[{"start":{"line":110,"column":34},"end":{"line":110,"column":54}},{"start":{"line":110,"column":57},"end":{"line":110,"column":59}}]},"2":{"loc":{"start":{"line":126,"column":21},"end":{"line":126,"column":59}},"type":"cond-expr","locations":[{"start":{"line":126,"column":34},"end":{"line":126,"column":54}},{"start":{"line":126,"column":57},"end":{"line":126,"column":59}}]},"3":{"loc":{"start":{"line":134,"column":25},"end":{"line":134,"column":67}},"type":"cond-expr","locations":[{"start":{"line":134,"column":38},"end":{"line":134,"column":62}},{"start":{"line":134,"column":65},"end":{"line":134,"column":67}}]},"4":{"loc":{"start":{"line":140,"column":18},"end":{"line":142,"column":null}},"type":"cond-expr","locations":[{"start":{"line":141,"column":22},"end":{"line":141,"column":115}},{"start":{"line":142,"column":22},"end":{"line":142,"column":null}}]},"5":{"loc":{"start":{"line":163,"column":25},"end":{"line":163,"column":66}},"type":"cond-expr","locations":[{"start":{"line":163,"column":41},"end":{"line":163,"column":61}},{"start":{"line":163,"column":64},"end":{"line":163,"column":66}}]},"6":{"loc":{"start":{"line":239,"column":9},"end":{"line":298,"column":null}},"type":"binary-expr","locations":[{"start":{"line":239,"column":9},"end":{"line":239,"column":22}},{"start":{"line":240,"column":10},"end":{"line":297,"column":null}}]}},"s":{"0":0,"1":0,"2":0,"3":0,"4":0,"5":0,"6":0,"7":0,"8":0,"9":0,"10":0,"11":0,"12":0,"13":0,"14":0,"15":0,"16":0,"17":0,"18":0,"19":0,"20":0,"21":0,"22":0},"f":{"0":0,"1":0,"2":0,"3":0,"4":0,"5":0,"6":0,"7":0,"8":0},"b":{"0":[0,0],"1":[0,0],"2":[0,0],"3":[0,0],"4":[0,0],"5":[0,0],"6":[0,0]}}
,"/home/runner/work/csi-sfit/csi-sfit/src/pages/Home.tsx": {"path":"/home/runner/work/csi-sfit/csi-sfit/src/pages/Home.tsx","statementMap":{"0":{"start":{"line":2,"column":0},"end":{"line":2,"column":39}},"1":{"start":{"line":3,"column":0},"end":{"line":3,"column":56}},"2":{"start":{"line":4,"column":0},"end":{"line":4,"column":74}},"3":{"start":{"line":5,"column":0},"end":{"line":5,"column":40}},"4":{"start":{"line":6,"column":0},"end":{"line":6,"column":58}},"5":{"start":{"line":7,"column":0},"end":{"line":7,"column":52}},"6":{"start":{"line":8,"column":0},"end":{"line":8,"column":58}},"7":{"start":{"line":10,"column":30},"end":{"line":223,"column":1}},"8":{"start":{"line":11,"column":32},"end":{"line":11,"column":80}},"9":{"start":{"line":12,"column":34},"end":{"line":12,"column":82}},"10":{"start":{"line":13,"column":40},"end":{"line":13,"column":88}},"11":{"start":{"line":15,"column":16},"end":{"line":20,"column":4}},"12":{"start":{"line":22,"column":19},"end":{"line":43,"column":4}},"13":{"start":{"line":45,"column":2},"end":{"line":222,"column":4}},"14":{"start":{"line":159,"column":27},"end":{"line":159,"column":36}},"15":{"start":{"line":160,"column":14},"end":{"line":173,"column":16}},"16":{"start":{"line":199,"column":14},"end":{"line":200,"column":null}},"17":{"start":{"line":10,"column":13},"end":{"line":10,"column":30}}},"fnMap":{"0":{"name":"(anonymous_0)","decl":{"start":{"line":10,"column":30},"end":{"line":10,"column":33}},"loc":{"start":{"line":10,"column":35},"end":{"line":223,"column":1}}},"1":{"name":"(anonymous_1)","decl":{"start":{"line":158,"column":23},"end":{"line":158,"column":24}},"loc":{"start":{"line":158,"column":39},"end":{"line":174,"column":13}}},"2":{"name":"(anonymous_2)","decl":{"start":{"line":198,"column":26},"end":{"line":198,"column":27}},"loc":{"start":{"line":199,"column":14},"end":{"line":200,"column":null}}}},"branchMap":{"0":{"loc":{"start":{"line":54,"column":19},"end":{"line":54,"column":51}},"type":"cond-expr","locations":[{"start":{"line":54,"column":32},"end":{"line":54,"column":46}},{"start":{"line":54,"column":49},"end":{"line":54,"column":51}}]},"1":{"loc":{"start":{"line":61,"column":21},"end":{"line":61,"column":62}},"type":"cond-expr","locations":[{"start":{"line":61,"column":34},"end":{"line":61,"column":57}},{"start":{"line":61,"column":60},"end":{"line":61,"column":62}}]},"2":{"loc":{"start":{"line":71,"column":21},"end":{"line":71,"column":59}},"type":"cond-expr","locations":[{"start":{"line":71,"column":34},"end":{"line":71,"column":54}},{"start":{"line":71,"column":57},"end":{"line":71,"column":59}}]},"3":{"loc":{"start":{"line":92,"column":21},"end":{"line":92,"column":59}},"type":"cond-expr","locations":[{"start":{"line":92,"column":34},"end":{"line":92,"column":54}},{"start":{"line":92,"column":57},"end":{"line":92,"column":59}}]},"4":{"loc":{"start":{"line":104,"column":21},"end":{"line":104,"column":59}},"type":"cond-expr","locations":[{"start":{"line":104,"column":34},"end":{"line":104,"column":54}},{"start":{"line":104,"column":57},"end":{"line":104,"column":59}}]},"5":{"loc":{"start":{"line":133,"column":19},"end":{"line":133,"column":57}},"type":"cond-expr","locations":[{"start":{"line":133,"column":32},"end":{"line":133,"column":52}},{"start":{"line":133,"column":55},"end":{"line":133,"column":57}}]},"6":{"loc":{"start":{"line":164,"column":27},"end":{"line":164,"column":66}},"type":"cond-expr","locations":[{"start":{"line":164,"column":41},"end":{"line":164,"column":61}},{"start":{"line":164,"column":64},"end":{"line":164,"column":66}}]},"7":{"loc":{"start":{"line":185,"column":21},"end":{"line":185,"column":63}},"type":"cond-expr","locations":[{"start":{"line":185,"column":38},"end":{"line":185,"column":58}},{"start":{"line":185,"column":61},"end":{"line":185,"column":63}}]},"8":{"loc":{"start":{"line":202,"column":25},"end":{"line":202,"column":67}},"type":"cond-expr","locations":[{"start":{"line":202,"column":42},"end":{"line":202,"column":62}},{"start":{"line":202,"column":65},"end":{"line":202,"column":67}}]}},"s":{"0":0,"1":0,"2":0,"3":0,"4":0,"5":0,"6":0,"7":0,"8":0,"9":0,"10":0,"11":0,"12":0,"13":0,"14":0,"15":0,"16":0,"17":0},"f":{"0":0,"1":0,"2":0},"b":{"0":[0,0],"1":[0,0],"2":[0,0],"3":[0,0],"4":[0,0],"5":[0,0],"6":[0,0],"7":[0,0],"8":[0,0]}}
,"/home/runner/work/csi-sfit/csi-sfit/src/pages/Membership.tsx": {"path":"/home/runner/work/csi-sfit/csi-sfit/src/pages/Membership.tsx","statementMap":{"0":{"start":{"line":1,"column":0},"end":{"line":1,"column":40}},"1":{"start":{"line":2,"column":0},"end":{"line":2,"column":39}},"2":{"start":{"line":3,"column":0},"end":{"line":3,"column":56}},"3":{"start":{"line":4,"column":0},"end":{"line":4,"column":102}},"4":{"start":{"line":5,"column":0},"end":{"line":5,"column":62}},"5":{"start":{"line":6,"column":0},"end":{"line":6,"column":52}},"6":{"start":{"line":8,"column":36},"end":{"line":419,"column":1}},"7":{"start":{"line":9,"column":32},"end":{"line":9,"column":80}},"8":{"start":{"line":10,"column":40},"end":{"line":10,"column":88}},"9":{"start":{"line":11,"column":32},"end":{"line":11,"column":80}},"10":{"start":{"line":12,"column":34},"end":{"line":19,"column":4}},"11":{"start":{"line":21,"column":29},"end":{"line":58,"column":4}},"12":{"start":{"line":60,"column":26},"end":{"line":65,"column":4}},"13":{"start":{"line":67,"column":26},"end":{"line":80,"column":4}},"14":{"start":{"line":82,"column":23},"end":{"line":85,"column":3}},"15":{"start":{"line":83,"column":4},"end":{"line":83,"column":23}},"16":{"start":{"line":84,"column":4},"end":{"line":84,"column":56}},"17":{"start":{"line":87,"column":28},"end":{"line":92,"column":3}},"18":{"start":{"line":88,"column":4},"end":{"line":91,"column":7}},"19":{"start":{"line":94,"column":31},"end":{"line":101,"column":3}},"20":{"start":{"line":95,"column":4},"end":{"line":100,"column":7}},"21":{"start":{"line":98,"column":41},"end":{"line":98,"column":55}},"22":{"start":{"line":103,"column":2},"end":{"line":418,"column":4}},"23":{"start":{"line":134,"column":27},"end":{"line":134,"column":36}},"24":{"start":{"line":135,"column":14},"end":{"line":148,"column":16}},"25":{"start":{"line":174,"column":27},"end":{"line":174,"column":39}},"26":{"start":{"line":175,"column":14},"end":{"line":192,"column":16}},"27":{"start":{"line":319,"column":24},"end":{"line":320,"column":null}},"28":{"start":{"line":324,"column":41},"end":{"line":324,"column":71}},"29":{"start":{"line":8,"column":13},"end":{"line":8,"column":36}}},"fnMap":{"0":{"name":"(anonymous_0)","decl":{"start":{"line":8,"column":36},"end":{"line":8,"column":39}},"loc":{"start":{"line":8,"column":41},"end":{"line":419,"column":1}}},"1":{"name":"(anonymous_1)","decl":{"start":{"line":82,"column":23},"end":{"line":82,"column":24}},"loc":{"start":{"line":82,"column":46},"end":{"line":85,"column":3}}},"2":{"name":"(anonymous_2)","decl":{"start":{"line":87,"column":28},"end":{"line":87,"column":29}},"loc":{"start":{"line":87,"column":91},"end":{"line":92,"column":3}}},"3":{"name":"(anonymous_3)","decl":{"start":{"line":94,"column":31},"end":{"line":94,"column":32}},"loc":{"start":{"line":94,"column":52},"end":{"line":101,"column":3}}},"4":{"name":"(anonymous_4)","decl":{"start":{"line":98,"column":36},"end":{"line":98,"column":37}},"loc":{"start":{"line":98,"column":41},"end":{"line":98,"column":55}}},"5":{"name":"(anonymous_5)","decl":{"start":{"line":133,"column":33},"end":{"line":133,"column":34}},"loc":{"start":{"line":133,"column":49},"end":{"line":149,"column":13}}},"6":{"name":"(anonymous_6)","decl":{"start":{"line":173,"column":36},"end":{"line":173,"column":37}},"loc":{"start":{"line":173,"column":55},"end":{"line":193,"column":13}}},"7":{"name":"(anonymous_7)","decl":{"start":{"line":318,"column":43},"end":{"line":318,"column":44}},"loc":{"start":{"line":319,"column":24},"end":{"line":320,"column":null}}},"8":{"name":"(anonymous_8)","decl":{"start":{"line":324,"column":35},"end":{"line":324,"column":38}},"loc":{"start":{"line":324,"column":41},"end":{"line":324,"column":71}}}},"branchMap":{"0":{"loc":{"start":{"line":97,"column":17},"end":{"line":99,"column":43}},"type":"cond-expr","locations":[{"start":{"line":98,"column":10},"end":{"line":98,"column":56}},{"start":{"line":99,"column":10},"end":{"line":99,"column":43}}]},"1":{"loc":{"start":{"line":113,"column":21},"end":{"line":113,"column":59}},"type":"cond-expr","locations":[{"start":{"line":113,"column":34},"end":{"line":113,"column":54}},{"start":{"line":113,"column":57},"end":{"line":113,"column":59}}]},"2":{"loc":{"start":{"line":129,"column":21},"end":{"line":129,"column":59}},"type":"cond-expr","locations":[{"start":{"line":129,"column":34},"end":{"line":129,"column":54}},{"start":{"line":129,"column":57},"end":{"line":129,"column":59}}]},"3":{"loc":{"start":{"line":139,"column":27},"end":{"line":139,"column":69}},"type":"cond-expr","locations":[{"start":{"line":139,"column":40},"end":{"line":139,"column":64}},{"start":{"line":139,"column":67},"end":{"line":139,"column":69}}]},"4":{"loc":{"start":{"line":160,"column":21},"end":{"line":160,"column":63}},"type":"cond-expr","locations":[{"start":{"line":160,"column":38},"end":{"line":160,"column":58}},{"start":{"line":160,"column":61},"end":{"line":160,"column":63}}]},"5":{"loc":{"start":{"line":179,"column":27},"end":{"line":179,"column":69}},"type":"cond-expr","locations":[{"start":{"line":179,"column":44},"end":{"line":179,"column":64}},{"start":{"line":179,"column":67},"end":{"line":179,"column":69}}]},"6":{"loc":{"start":{"line":204,"column":21},"end":{"line":204,"column":59}},"type":"cond-expr","locations":[{"start":{"line":204,"column":34},"end":{"line":204,"column":54}},{"start":{"line":204,"column":57},"end":{"line":204,"column":59}}]},"7":{"loc":{"start":{"line":326,"column":28},"end":{"line":328,"column":null}},"type":"cond-expr","locations":[{"start":{"line":327,"column":32},"end":{"line":327,"column":93}},{"start":{"line":328,"column":32},"end":{"line":328,"column":null}}]}},"s":{"0":0,"1":0,"2":0,"3":0,"4":0,"5":0,"6":0,"7":0,"8":0,"9":0,"10":0,"11":0,"12":0,"13":0,"14":0,"15":0,"16":0,"17":0,"18":0,"19":0,"20":0,"21":0,"22":0,"23":0,"24":0,"25":0,"26":0,"27":0,"28":0,"29":0},"f":{"0":0,"1":0,"2":0,"3":0,"4":0,"5":0,"6":0,"7":0,"8":0},"b":{"0":[0,0],"1":[0,0],"2":[0,0],"3":[0,0],"4":[0,0],"5":[0,0],"6":[0,0],"7":[0,0]}}
,"/home/runner/work/csi-sfit/csi-sfit/src/pages/Sponsors.tsx": {"path":"/home/runner/work/csi-sfit/csi-sfit/src/pages/Sponsors.tsx","statementMap":{"0":{"start":{"line":1,"column":0},"end":{"line":1,"column":51}},"1":{"start":{"line":2,"column":0},"end":{"line":2,"column":39}},"2":{"start":{"line":3,"column":0},"end":{"line":3,"column":56}},"3":{"start":{"line":4,"column":0},"end":{"line":4,"column":65}},"4":{"start":{"line":5,"column":0},"end":{"line":5,"column":62}},"5":{"start":{"line":6,"column":0},"end":{"line":6,"column":52}},"6":{"start":{"line":18,"column":34},"end":{"line":209,"column":1}},"7":{"start":{"line":19,"column":32},"end":{"line":19,"column":80}},"8":{"start":{"line":20,"column":38},"end":{"line":20,"column":53}},"9":{"start":{"line":22,"column":2},"end":{"line":28,"column":9}},"10":{"start":{"line":23,"column":28},"end":{"line":25,"column":5}},"11":{"start":{"line":24,"column":6},"end":{"line":24,"column":56}},"12":{"start":{"line":26,"column":4},"end":{"line":26,"column":58}},"13":{"start":{"line":27,"column":4},"end":{"line":27,"column":74}},"14":{"start":{"line":27,"column":17},"end":{"line":27,"column":73}},"15":{"start":{"line":30,"column":30},"end":{"line":85,"column":4}},"16":{"start":{"line":87,"column":21},"end":{"line":92,"column":4}},"17":{"start":{"line":94,"column":2},"end":{"line":208,"column":4}},"18":{"start":{"line":143,"column":12},"end":{"line":143,"column":28}},"19":{"start":{"line":146,"column":38},"end":{"line":146,"column":53}},"20":{"start":{"line":147,"column":40},"end":{"line":147,"column":88}},"21":{"start":{"line":148,"column":18},"end":{"line":178,"column":20}},"22":{"start":{"line":18,"column":13},"end":{"line":18,"column":34}}},"fnMap":{"0":{"name":"(anonymous_0)","decl":{"start":{"line":18,"column":34},"end":{"line":18,"column":37}},"loc":{"start":{"line":18,"column":39},"end":{"line":209,"column":1}}},"1":{"name":"(anonymous_1)","decl":{"start":{"line":22,"column":12},"end":{"line":22,"column":15}},"loc":{"start":{"line":22,"column":17},"end":{"line":28,"column":3}}},"2":{"name":"(anonymous_2)","decl":{"start":{"line":23,"column":28},"end":{"line":23,"column":29}},"loc":{"start":{"line":23,"column":46},"end":{"line":25,"column":5}}},"3":{"name":"(anonymous_3)","decl":{"start":{"line":27,"column":11},"end":{"line":27,"column":14}},"loc":{"start":{"line":27,"column":17},"end":{"line":27,"column":73}}},"4":{"name":"(anonymous_4)","decl":{"start":{"line":142,"column":56},"end":{"line":142,"column":57}},"loc":{"start":{"line":143,"column":12},"end":{"line":143,"column":28}}},"5":{"name":"(anonymous_5)","decl":{"start":{"line":146,"column":33},"end":{"line":146,"column":34}},"loc":{"start":{"line":146,"column":38},"end":{"line":146,"column":53}}},"6":{"name":"(anonymous_6)","decl":{"start":{"line":146,"column":59},"end":{"line":146,"column":60}},"loc":{"start":{"line":146,"column":78},"end":{"line":179,"column":17}}}},"branchMap":{"0":{"loc":{"start":{"line":102,"column":21},"end":{"line":102,"column":54}},"type":"cond-expr","locations":[{"start":{"line":102,"column":34},"end":{"line":102,"column":43}},{"start":{"line":102,"column":46},"end":{"line":102,"column":54}}]},"1":{"loc":{"start":{"line":153,"column":31},"end":{"line":153,"column":65}},"type":"cond-expr","locations":[{"start":{"line":153,"column":40},"end":{"line":153,"column":60}},{"start":{"line":153,"column":63},"end":{"line":153,"column":65}}]}},"s":{"0":0,"1":0,"2":0,"3":0,"4":0,"5":0,"6":0,"7":0,"8":0,"9":0,"10":0,"11":0,"12":0,"13":0,"14":0,"15":0,"16":0,"17":0,"18":0,"19":0,"20":0,"21":0,"22":0},"f":{"0":0,"1":0,"2":0,"3":0,"4":0,"5":0,"6":0},"b":{"0":[0,0],"1":[0,0]}}
,"/home/runner/work/csi-sfit/csi-sfit/src/pages/Team.tsx": {"path":"/home/runner/work/csi-sfit/csi-sfit/src/pages/Team.tsx","statementMap":{"0":{"start":{"line":1,"column":0},"end":{"line":1,"column":40}},"1":{"start":{"line":2,"column":0},"end":{"line":2,"column":39}},"2":{"start":{"line":3,"column":0},"end":{"line":3,"column":56}},"3":{"start":{"line":4,"column":0},"end":{"line":4,"column":85}},"4":{"start":{"line":5,"column":0},"end":{"line":5,"column":52}},"5":{"start":{"line":25,"column":30},"end":{"line":317,"column":1}},"6":{"start":{"line":26,"column":32},"end":{"line":26,"column":80}},"7":{"start":{"line":27,"column":32},"end":{"line":27,"column":80}},"8":{"start":{"line":28,"column":50},"end":{"line":28,"column":73}},"9":{"start":{"line":30,"column":36},"end":{"line":132,"column":4}},"10":{"start":{"line":134,"column":21},"end":{"line":140,"column":4}},"11":{"start":{"line":142,"column":26},"end":{"line":144,"column":72}},"12":{"start":{"line":144,"column":35},"end":{"line":144,"column":71}},"13":{"start":{"line":146,"column":2},"end":{"line":316,"column":4}},"14":{"start":{"line":177,"column":27},"end":{"line":177,"column":40}},"15":{"start":{"line":178,"column":14},"end":{"line":196,"column":16}},"16":{"start":{"line":186,"column":33},"end":{"line":186,"column":65}},"17":{"start":{"line":210,"column":14},"end":{"line":211,"column":null}},"18":{"start":{"line":283,"column":26},"end":{"line":284,"column":null}},"19":{"start":{"line":298,"column":26},"end":{"line":299,"column":null}},"20":{"start":{"line":25,"column":13},"end":{"line":25,"column":30}}},"fnMap":{"0":{"name":"(anonymous_0)","decl":{"start":{"line":25,"column":30},"end":{"line":25,"column":33}},"loc":{"start":{"line":25,"column":35},"end":{"line":317,"column":1}}},"1":{"name":"(anonymous_1)","decl":{"start":{"line":144,"column":25},"end":{"line":144,"column":31}},"loc":{"start":{"line":144,"column":35},"end":{"line":144,"column":71}}},"2":{"name":"(anonymous_2)","decl":{"start":{"line":176,"column":28},"end":{"line":176,"column":29}},"loc":{"start":{"line":176,"column":48},"end":{"line":197,"column":13}}},"3":{"name":"(anonymous_3)","decl":{"start":{"line":186,"column":27},"end":{"line":186,"column":30}},"loc":{"start":{"line":186,"column":33},"end":{"line":186,"column":65}}},"4":{"name":"(anonymous_4)","decl":{"start":{"line":209,"column":33},"end":{"line":209,"column":34}},"loc":{"start":{"line":210,"column":14},"end":{"line":211,"column":null}}},"5":{"name":"(anonymous_5)","decl":{"start":{"line":282,"column":43},"end":{"line":282,"column":44}},"loc":{"start":{"line":283,"column":26},"end":{"line":284,"column":null}}},"6":{"name":"(anonymous_6)","decl":{"start":{"line":297,"column":61},"end":{"line":297,"column":62}},"loc":{"start":{"line":298,"column":26},"end":{"line":299,"column":null}}}},"branchMap":{"0":{"loc":{"start":{"line":142,"column":26},"end":{"line":144,"column":72}},"type":"cond-expr","locations":[{"start":{"line":143,"column":6},"end":{"line":143,"column":17}},{"start":{"line":144,"column":6},"end":{"line":144,"column":72}}]},"1":{"loc":{"start":{"line":156,"column":21},"end":{"line":156,"column":59}},"type":"cond-expr","locations":[{"start":{"line":156,"column":34},"end":{"line":156,"column":54}},{"start":{"line":156,"column":57},"end":{"line":156,"column":59}}]},"2":{"loc":{"start":{"line":172,"column":21},"end":{"line":172,"column":59}},"type":"cond-expr","locations":[{"start":{"line":172,"column":34},"end":{"line":172,"column":54}},{"start":{"line":172,"column":57},"end":{"line":172,"column":59}}]},"3":{"loc":{"start":{"line":182,"column":27},"end":{"line":182,"column":69}},"type":"cond-expr","locations":[{"start":{"line":182,"column":40},"end":{"line":182,"column":64}},{"start":{"line":182,"column":67},"end":{"line":182,"column":69}}]},"4":{"loc":{"start":{"line":188,"column":20},"end":{"line":190,"column":null}},"type":"cond-expr","locations":[{"start":{"line":189,"column":24},"end":{"line":189,"column":117}},{"start":{"line":190,"column":24},"end":{"line":190,"column":null}}]},"5":{"loc":{"start":{"line":213,"column":25},"end":{"line":213,"column":63}},"type":"cond-expr","locations":[{"start":{"line":213,"column":38},"end":{"line":213,"column":58}},{"start":{"line":213,"column":61},"end":{"line":213,"column":63}}]},"6":{"loc":{"start":{"line":235,"column":23},"end":{"line":245,"column":null}},"type":"binary-expr","locations":[{"start":{"line":235,"column":23},"end":{"line":235,"column":43}},{"start":{"line":236,"column":24},"end":{"line":244,"column":null}}]},"7":{"loc":{"start":{"line":247,"column":23},"end":{"line":257,"column":null}},"type":"binary-expr","locations":[{"start":{"line":247,"column":23},"end":{"line":247,"column":45}},{"start":{"line":248,"column":24},"end":{"line":256,"column":null}}]}},"s":{"0":0,"1":0,"2":0,"3":0,"4":0,"5":0,"6":0,"7":0,"8":0,"9":0,"10":0,"11":0,"12":0,"13":0,"14":0,"15":0,"16":0,"17":0,"18":0,"19":0,"20":0},"f":{"0":0,"1":0,"2":0,"3":0,"4":0,"5":0,"6":0},"b":{"0":[0,0],"1":[0,0],"2":[0,0],"3":[0,0],"4":[0,0],"5":[0,0],"6":[0,0],"7":[0,0]}}
}
