TN:
SF:src/App.tsx
FN:16,App
FNF:1
FNH:0
FNDA:0,App
DA:2,0
DA:3,0
DA:4,0
DA:5,0
DA:6,0
DA:7,0
DA:8,0
DA:9,0
DA:10,0
DA:11,0
DA:12,0
DA:13,0
DA:14,0
DA:17,0
DA:40,0
LF:15
LH:0
BRF:0
BRH:0
end_of_record
TN:
SF:src/components/AnimatedText.tsx
FN:11,(anonymous_0)
FN:21,(anonymous_1)
FN:55,(anonymous_2)
FNF:3
FNH:0
FNDA:0,(anonymous_0)
FNDA:0,(anonymous_1)
FNDA:0,(anonymous_2)
DA:2,0
DA:11,0
DA:17,0
DA:19,0
DA:21,0
DA:27,0
DA:48,0
DA:56,0
LF:8
LH:0
BRDA:13,0,0,0
BRDA:14,1,0,0
BRDA:15,2,0,0
BRDA:21,3,0,0
BRF:4
BRH:0
end_of_record
TN:
SF:src/components/Enhanced3DCard.tsx
FN:11,(anonymous_0)
FN:29,(anonymous_1)
FN:46,(anonymous_2)
FN:52,(anonymous_3)
FNF:4
FNH:0
FNDA:0,(anonymous_0)
FNDA:0,(anonymous_1)
FNDA:0,(anonymous_2)
FNDA:0,(anonymous_3)
DA:1,0
DA:2,0
DA:11,0
DA:17,0
DA:18,0
DA:20,0
DA:21,0
DA:23,0
DA:24,0
DA:26,0
DA:27,0
DA:29,0
DA:30,0
DA:32,0
DA:33,0
DA:34,0
DA:36,0
DA:37,0
DA:39,0
DA:40,0
DA:42,0
DA:43,0
DA:46,0
DA:47,0
DA:48,0
DA:49,0
DA:52,0
DA:53,0
DA:56,0
LF:29
LH:0
BRDA:13,0,0,0
BRDA:14,1,0,0
BRDA:15,2,0,0
BRDA:30,3,0,0
BRDA:30,3,1,0
BRDA:71,4,0,0
BRDA:71,4,1,0
BRDA:90,5,0,0
BRDA:90,5,1,0
BRF:9
BRH:0
end_of_record
TN:
SF:src/components/FloatingElements.tsx
FN:4,(anonymous_0)
FN:8,(anonymous_1)
FN:36,(anonymous_2)
FNF:3
FNH:0
FNDA:0,(anonymous_0)
FNDA:0,(anonymous_1)
FNDA:0,(anonymous_2)
DA:2,0
DA:4,0
DA:5,0
DA:9,0
DA:37,0
LF:5
LH:0
BRF:0
BRH:0
end_of_record
TN:
SF:src/components/FloatingLogo.tsx
FN:5,(anonymous_0)
FN:34,(anonymous_1)
FNF:2
FNH:0
FNDA:0,(anonymous_0)
FNDA:0,(anonymous_1)
DA:2,0
DA:3,0
DA:5,0
DA:6,0
DA:8,0
DA:35,0
LF:6
LH:0
BRF:0
BRH:0
end_of_record
TN:
SF:src/components/GlassCard.tsx
FN:11,(anonymous_0)
FNF:1
FNH:0
FNDA:0,(anonymous_0)
DA:2,0
DA:11,0
DA:17,0
DA:23,0
LF:4
LH:0
BRDA:13,0,0,0
BRDA:14,1,0,0
BRDA:15,2,0,0
BRDA:25,3,0,0
BRDA:25,3,1,0
BRF:5
BRH:0
end_of_record
TN:
SF:src/components/Navigation.tsx
FN:8,(anonymous_0)
FN:15,(anonymous_1)
FN:16,(anonymous_2)
FN:20,(anonymous_3)
FN:27,(anonymous_4)
FN:76,(anonymous_5)
FN:110,(anonymous_6)
FN:128,(anonymous_7)
FN:136,(anonymous_8)
FNF:9
FNH:0
FNDA:0,(anonymous_0)
FNDA:0,(anonymous_1)
FNDA:0,(anonymous_2)
FNDA:0,(anonymous_3)
FNDA:0,(anonymous_4)
FNDA:0,(anonymous_5)
FNDA:0,(anonymous_6)
FNDA:0,(anonymous_7)
FNDA:0,(anonymous_8)
DA:1,0
DA:2,0
DA:3,0
DA:4,0
DA:8,0
DA:9,0
DA:10,0
DA:11,0
DA:12,0
DA:15,0
DA:16,0
DA:17,0
DA:20,0
DA:21,0
DA:24,0
DA:25,0
DA:27,0
DA:28,0
DA:29,0
DA:33,0
DA:44,0
DA:77,0
DA:78,0
DA:80,0
DA:110,0
DA:129,0
DA:130,0
DA:132,0
DA:136,0
LF:29
LH:0
BRDA:46,0,0,0
BRDA:46,0,1,0
BRDA:53,1,0,0
BRDA:53,1,1,0
BRDA:85,2,0,0
BRDA:85,2,1,0
BRDA:94,3,0,0
BRDA:94,3,1,0
BRDA:113,4,0,0
BRDA:113,4,1,0
BRDA:120,5,0,0
BRDA:120,5,1,0
BRDA:138,6,0,0
BRDA:138,6,1,0
BRF:14
BRH:0
end_of_record
TN:
SF:src/components/ParallaxSection.tsx
FN:10,(anonymous_0)
FNF:1
FNH:0
FNDA:0,(anonymous_0)
DA:1,0
DA:2,0
DA:10,0
DA:15,0
DA:16,0
DA:21,0
DA:23,0
LF:7
LH:0
BRDA:12,0,0,0
BRDA:13,1,0,0
BRF:2
BRH:0
end_of_record
TN:
SF:src/components/ParticleBackground.tsx
FN:13,(anonymous_0)
FN:18,(anonymous_1)
FN:25,(anonymous_2)
FN:30,(anonymous_3)
FN:51,(anonymous_4)
FN:55,(anonymous_5)
FN:103,(anonymous_6)
FN:110,(anonymous_7)
FNF:8
FNH:0
FNDA:0,(anonymous_0)
FNDA:0,(anonymous_1)
FNDA:0,(anonymous_2)
FNDA:0,(anonymous_3)
FNDA:0,(anonymous_4)
FNDA:0,(anonymous_5)
FNDA:0,(anonymous_6)
FNDA:0,(anonymous_7)
DA:1,0
DA:13,0
DA:14,0
DA:15,0
DA:16,0
DA:18,0
DA:19,0
DA:20,0
DA:22,0
DA:23,0
DA:25,0
DA:26,0
DA:27,0
DA:30,0
DA:31,0
DA:32,0
DA:34,0
DA:36,0
DA:37,0
DA:48,0
DA:51,0
DA:52,0
DA:53,0
DA:55,0
DA:57,0
DA:58,0
DA:61,0
DA:62,0
DA:63,0
DA:64,0
DA:67,0
DA:68,0
DA:69,0
DA:70,0
DA:71,0
DA:72,0
DA:73,0
DA:76,0
DA:77,0
DA:78,0
DA:82,0
DA:83,0
DA:84,0
DA:85,0
DA:86,0
DA:87,0
DA:88,0
DA:89,0
DA:90,0
DA:91,0
DA:96,0
DA:99,0
DA:100,0
DA:101,0
DA:103,0
DA:104,0
DA:105,0
DA:108,0
DA:110,0
DA:111,0
DA:112,0
DA:113,0
DA:118,0
LF:63
LH:0
BRDA:20,0,0,0
BRDA:20,0,1,0
BRDA:23,1,0,0
BRDA:23,1,1,0
BRDA:61,2,0,0
BRDA:61,2,1,0
BRDA:62,3,0,0
BRDA:62,3,1,0
BRDA:63,4,0,0
BRDA:63,4,1,0
BRDA:64,5,0,0
BRDA:64,5,1,0
BRDA:82,6,0,0
BRDA:82,6,1,0
BRDA:112,7,0,0
BRDA:112,7,1,0
BRF:16
BRH:0
end_of_record
TN:
SF:src/pages/About.tsx
FN:7,(anonymous_0)
FN:136,(anonymous_1)
FN:181,(anonymous_2)
FNF:3
FNH:0
FNDA:0,(anonymous_0)
FNDA:0,(anonymous_1)
FNDA:0,(anonymous_2)
DA:2,0
DA:3,0
DA:4,0
DA:5,0
DA:7,0
DA:8,0
DA:9,0
DA:11,0
DA:34,0
DA:73,0
DA:137,0
DA:138,0
DA:182,0
LF:13
LH:0
BRDA:81,0,0,0
BRDA:81,0,1,0
BRDA:97,1,0,0
BRDA:97,1,1,0
BRDA:126,2,0,0
BRDA:126,2,1,0
BRDA:142,3,0,0
BRDA:142,3,1,0
BRDA:165,4,0,0
BRDA:165,4,1,0
BRDA:184,5,0,0
BRDA:184,5,1,0
BRDA:185,6,0,0
BRDA:185,6,1,0
BRDA:188,7,0,0
BRDA:188,7,1,0
BRF:16
BRH:0
end_of_record
TN:
SF:src/pages/Contact.tsx
FN:19,(anonymous_1)
FN:30,(anonymous_2)
FN:54,(anonymous_3)
FN:57,(anonymous_4)
FN:62,(anonymous_5)
FN:157,(anonymous_6)
FN:199,(anonymous_7)
FNF:7
FNH:0
FNDA:0,(anonymous_1)
FNDA:0,(anonymous_2)
FNDA:0,(anonymous_3)
FNDA:0,(anonymous_4)
FNDA:0,(anonymous_5)
FNDA:0,(anonymous_6)
FNDA:0,(anonymous_7)
DA:1,0
DA:2,0
DA:3,0
DA:4,0
DA:5,0
DA:6,0
DA:17,0
DA:19,0
DA:20,0
DA:21,0
DA:22,0
DA:30,0
DA:31,0
DA:33,0
DA:35,0
DA:44,0
DA:55,0
DA:56,0
DA:58,0
DA:62,0
DA:63,0
DA:66,0
DA:115,0
DA:122,0
DA:158,0
DA:159,0
DA:200,0
DA:201,0
LF:28
LH:0
BRDA:131,0,0,0
BRDA:131,0,1,0
BRDA:152,1,0,0
BRDA:152,1,1,0
BRDA:163,2,0,0
BRDA:163,2,1,0
BRDA:174,3,0,0
BRDA:174,3,1,0
BRDA:193,4,0,0
BRDA:193,4,1,0
BRDA:223,5,0,0
BRDA:223,5,1,0
BRDA:282,6,0,0
BRDA:282,6,1,0
BRF:14
BRH:0
end_of_record
TN:
SF:src/pages/Events.tsx
FN:23,(anonymous_0)
FN:124,(anonymous_1)
FN:125,(anonymous_2)
FN:126,(anonymous_3)
FN:127,(anonymous_4)
FN:128,(anonymous_5)
FN:131,(anonymous_6)
FN:135,(anonymous_7)
FN:139,(anonymous_8)
FN:150,(anonymous_9)
FN:197,(anonymous_10)
FN:205,(anonymous_11)
FN:208,(anonymous_12)
FN:226,(anonymous_13)
FN:234,(anonymous_14)
FN:264,(anonymous_15)
FN:338,(anonymous_16)
FN:406,(anonymous_17)
FNF:18
FNH:0
FNDA:0,(anonymous_0)
FNDA:0,(anonymous_1)
FNDA:0,(anonymous_2)
FNDA:0,(anonymous_3)
FNDA:0,(anonymous_4)
FNDA:0,(anonymous_5)
FNDA:0,(anonymous_6)
FNDA:0,(anonymous_7)
FNDA:0,(anonymous_8)
FNDA:0,(anonymous_9)
FNDA:0,(anonymous_10)
FNDA:0,(anonymous_11)
FNDA:0,(anonymous_12)
FNDA:0,(anonymous_13)
FNDA:0,(anonymous_14)
FNDA:0,(anonymous_15)
FNDA:0,(anonymous_16)
FNDA:0,(anonymous_17)
DA:1,0
DA:2,0
DA:3,0
DA:4,0
DA:5,0
DA:23,0
DA:24,0
DA:25,0
DA:26,0
DA:27,0
DA:29,0
DA:122,0
DA:124,0
DA:125,0
DA:126,0
DA:127,0
DA:128,0
DA:131,0
DA:132,0
DA:133,0
DA:135,0
DA:136,0
DA:139,0
DA:140,0
DA:147,0
DA:150,0
DA:151,0
DA:156,0
DA:159,0
DA:197,0
DA:205,0
DA:209,0
DA:227,0
DA:234,0
DA:265,0
DA:339,0
DA:407,0
DA:408,0
LF:38
LH:0
BRDA:132,0,0,0
BRDA:132,0,1,0
BRDA:133,1,0,0
BRDA:133,1,1,0
BRDA:133,1,2,0
BRDA:136,2,0,0
BRDA:136,2,1,0
BRDA:147,3,0,0
BRDA:147,3,1,0
BRDA:156,4,0,0
BRDA:156,4,1,0
BRDA:169,5,0,0
BRDA:169,5,1,0
BRDA:185,6,0,0
BRDA:185,6,1,0
BRDA:222,7,0,0
BRDA:222,7,1,0
BRDA:230,8,0,0
BRDA:230,8,1,0
BRDA:236,9,0,0
BRDA:236,9,1,0
BRDA:268,10,0,0
BRDA:268,10,1,0
BRDA:290,11,0,0
BRDA:290,11,1,0
BRDA:357,12,0,0
BRDA:357,12,1,0
BRDA:369,13,0,0
BRDA:369,13,1,0
BRDA:371,14,0,0
BRDA:371,14,1,0
BRDA:378,15,0,0
BRDA:378,15,1,0
BRDA:379,16,0,0
BRDA:379,16,1,0
BRDA:381,17,0,0
BRDA:381,17,1,0
BRDA:391,18,0,0
BRDA:391,18,1,0
BRF:39
BRH:0
end_of_record
TN:
SF:src/pages/Gallery.tsx
FN:18,(anonymous_0)
FN:98,(anonymous_1)
FN:130,(anonymous_2)
FN:138,(anonymous_3)
FN:159,(anonymous_4)
FN:172,(anonymous_5)
FN:245,(anonymous_6)
FN:253,(anonymous_7)
FN:257,(anonymous_8)
FNF:9
FNH:0
FNDA:0,(anonymous_0)
FNDA:0,(anonymous_1)
FNDA:0,(anonymous_2)
FNDA:0,(anonymous_3)
FNDA:0,(anonymous_4)
FNDA:0,(anonymous_5)
FNDA:0,(anonymous_6)
FNDA:0,(anonymous_7)
FNDA:0,(anonymous_8)
DA:1,0
DA:2,0
DA:3,0
DA:4,0
DA:5,0
DA:18,0
DA:19,0
DA:20,0
DA:21,0
DA:22,0
DA:24,0
DA:87,0
DA:96,0
DA:98,0
DA:100,0
DA:131,0
DA:138,0
DA:160,0
DA:172,0
DA:245,0
DA:253,0
DA:257,0
LF:22
LH:0
BRDA:96,0,0,0
BRDA:96,0,1,0
BRDA:110,1,0,0
BRDA:110,1,1,0
BRDA:126,2,0,0
BRDA:126,2,1,0
BRDA:134,3,0,0
BRDA:134,3,1,0
BRDA:140,4,0,0
BRDA:140,4,1,0
BRDA:163,5,0,0
BRDA:163,5,1,0
BRDA:239,6,0,0
BRDA:239,6,1,0
BRF:14
BRH:0
end_of_record
TN:
SF:src/pages/Home.tsx
FN:10,(anonymous_0)
FN:158,(anonymous_1)
FN:198,(anonymous_2)
FNF:3
FNH:0
FNDA:0,(anonymous_0)
FNDA:0,(anonymous_1)
FNDA:0,(anonymous_2)
DA:2,0
DA:3,0
DA:4,0
DA:5,0
DA:6,0
DA:7,0
DA:8,0
DA:10,0
DA:11,0
DA:12,0
DA:13,0
DA:15,0
DA:22,0
DA:45,0
DA:159,0
DA:160,0
DA:199,0
LF:17
LH:0
BRDA:54,0,0,0
BRDA:54,0,1,0
BRDA:61,1,0,0
BRDA:61,1,1,0
BRDA:71,2,0,0
BRDA:71,2,1,0
BRDA:92,3,0,0
BRDA:92,3,1,0
BRDA:104,4,0,0
BRDA:104,4,1,0
BRDA:133,5,0,0
BRDA:133,5,1,0
BRDA:164,6,0,0
BRDA:164,6,1,0
BRDA:185,7,0,0
BRDA:185,7,1,0
BRDA:202,8,0,0
BRDA:202,8,1,0
BRF:18
BRH:0
end_of_record
TN:
SF:src/pages/Membership.tsx
FN:8,(anonymous_0)
FN:82,(anonymous_1)
FN:87,(anonymous_2)
FN:94,(anonymous_3)
FN:98,(anonymous_4)
FN:133,(anonymous_5)
FN:173,(anonymous_6)
FN:318,(anonymous_7)
FN:324,(anonymous_8)
FNF:9
FNH:0
FNDA:0,(anonymous_0)
FNDA:0,(anonymous_1)
FNDA:0,(anonymous_2)
FNDA:0,(anonymous_3)
FNDA:0,(anonymous_4)
FNDA:0,(anonymous_5)
FNDA:0,(anonymous_6)
FNDA:0,(anonymous_7)
FNDA:0,(anonymous_8)
DA:1,0
DA:2,0
DA:3,0
DA:4,0
DA:5,0
DA:6,0
DA:8,0
DA:9,0
DA:10,0
DA:11,0
DA:12,0
DA:21,0
DA:60,0
DA:67,0
DA:82,0
DA:83,0
DA:84,0
DA:87,0
DA:88,0
DA:94,0
DA:95,0
DA:98,0
DA:103,0
DA:134,0
DA:135,0
DA:174,0
DA:175,0
DA:319,0
DA:324,0
LF:29
LH:0
BRDA:97,0,0,0
BRDA:97,0,1,0
BRDA:113,1,0,0
BRDA:113,1,1,0
BRDA:129,2,0,0
BRDA:129,2,1,0
BRDA:139,3,0,0
BRDA:139,3,1,0
BRDA:160,4,0,0
BRDA:160,4,1,0
BRDA:179,5,0,0
BRDA:179,5,1,0
BRDA:204,6,0,0
BRDA:204,6,1,0
BRDA:326,7,0,0
BRDA:326,7,1,0
BRF:16
BRH:0
end_of_record
TN:
SF:src/pages/Sponsors.tsx
FN:18,(anonymous_0)
FN:22,(anonymous_1)
FN:23,(anonymous_2)
FN:27,(anonymous_3)
FN:142,(anonymous_4)
FN:146,(anonymous_5)
FN:146,(anonymous_6)
FNF:7
FNH:0
FNDA:0,(anonymous_0)
FNDA:0,(anonymous_1)
FNDA:0,(anonymous_2)
FNDA:0,(anonymous_3)
FNDA:0,(anonymous_4)
FNDA:0,(anonymous_5)
FNDA:0,(anonymous_6)
DA:1,0
DA:2,0
DA:3,0
DA:4,0
DA:5,0
DA:6,0
DA:18,0
DA:19,0
DA:20,0
DA:22,0
DA:23,0
DA:24,0
DA:26,0
DA:27,0
DA:30,0
DA:87,0
DA:94,0
DA:143,0
DA:146,0
DA:147,0
DA:148,0
LF:21
LH:0
BRDA:102,0,0,0
BRDA:102,0,1,0
BRDA:153,1,0,0
BRDA:153,1,1,0
BRF:4
BRH:0
end_of_record
TN:
SF:src/pages/Team.tsx
FN:25,(anonymous_0)
FN:144,(anonymous_1)
FN:176,(anonymous_2)
FN:186,(anonymous_3)
FN:209,(anonymous_4)
FN:282,(anonymous_5)
FN:297,(anonymous_6)
FNF:7
FNH:0
FNDA:0,(anonymous_0)
FNDA:0,(anonymous_1)
FNDA:0,(anonymous_2)
FNDA:0,(anonymous_3)
FNDA:0,(anonymous_4)
FNDA:0,(anonymous_5)
FNDA:0,(anonymous_6)
DA:1,0
DA:2,0
DA:3,0
DA:4,0
DA:5,0
DA:25,0
DA:26,0
DA:27,0
DA:28,0
DA:30,0
DA:134,0
DA:142,0
DA:144,0
DA:146,0
DA:177,0
DA:178,0
DA:186,0
DA:210,0
DA:283,0
DA:298,0
LF:20
LH:0
BRDA:142,0,0,0
BRDA:142,0,1,0
BRDA:156,1,0,0
BRDA:156,1,1,0
BRDA:172,2,0,0
BRDA:172,2,1,0
BRDA:182,3,0,0
BRDA:182,3,1,0
BRDA:188,4,0,0
BRDA:188,4,1,0
BRDA:213,5,0,0
BRDA:213,5,1,0
BRDA:235,6,0,0
BRDA:235,6,1,0
BRDA:247,7,0,0
BRDA:247,7,1,0
BRF:16
BRH:0
end_of_record
